This is pdfTeX, Version 3.14159265-2.6-1.40.19 (TeX Live 2018) (preloaded format=pdflatex 2019.4.9)  5 JUN 2019 07:45
entering extended mode
 restricted \write18 enabled.
 file:line:error style messages enabled.
 %&-line parsing enabled.
**РўРµС…РЅРёС‡РµСЃРєР°СЏ_РґРѕРєСѓРјРµРЅС‚Р°С†РёСЏ.tex
(./РўРµС…РЅРёС‡РµСЃРєР°СЏ_РґРѕРєСѓРјРµРЅС‚Р°С†РёСЏ.tex
LaTeX2e <2018-12-01>
(/usr/local/texlive/2018/texmf-dist/tex/latex/base/article.cls
Document Class: article 2018/09/03 v1.4i Standard LaTeX document class
(/usr/local/texlive/2018/texmf-dist/tex/latex/base/size10.clo
File: size10.clo 2018/09/03 v1.4i Standard LaTeX file (size option)
)
\c@part=\count80
\c@section=\count81
\c@subsection=\count82
\c@subsubsection=\count83
\c@paragraph=\count84
\c@subparagraph=\count85
\c@figure=\count86
\c@table=\count87
\abovecaptionskip=\skip41
\belowcaptionskip=\skip42
\bibindent=\dimen102
)
(/usr/local/texlive/2018/texmf-dist/tex/latex/base/inputenc.sty
Package: inputenc 2018/08/11 v1.3c Input encoding file
\inpenc@prehook=\toks14
\inpenc@posthook=\toks15

(/usr/local/texlive/2018/texmf-dist/tex/latex/cyrillic/cp1251.def
File: cp1251.def 2014/10/28 v1.0d Input encoding file
))
(/usr/local/texlive/2018/texmf-dist/tex/latex/extsizes/extsizes.sty
Package: extsizes 1996/10/08 v1.0 Non Standard LaTeX Package


Package ExtSizes Warning: It is better to use one of the extsizes classes,
 if you can.

(/usr/local/texlive/2018/texmf-dist/tex/latex/extsizes/size14.clo
File: size14.clo 1999/11/11 v1.4a NON-Standard LaTeX file (size option)
))
(/usr/local/texlive/2018/texmf-dist/tex/latex/base/fontenc.sty
Package: fontenc 2018/08/11 v2.0j Standard LaTeX package

(/usr/local/texlive/2018/texmf-dist/tex/latex/cyrillic/t2aenc.def
File: t2aenc.def 2005/09/27 v1.0i Cyrillic encoding definition file
Now handling font encoding T2A ...
... processing UTF-8 mapping file for font encoding T2A

(/usr/local/texlive/2018/texmf-dist/tex/latex/base/t2aenc.dfu
File: t2aenc.dfu 2018/10/05 v1.2f UTF-8 support for inputenc
   defining Unicode char U+00A4 (decimal 164)
   defining Unicode char U+00A7 (decimal 167)
   defining Unicode char U+00AB (decimal 171)
   defining Unicode char U+00BB (decimal 187)
   defining Unicode char U+0131 (decimal 305)
   defining Unicode char U+0237 (decimal 567)
   defining Unicode char U+0400 (decimal 1024)
   defining Unicode char U+0401 (decimal 1025)
   defining Unicode char U+0402 (decimal 1026)
   defining Unicode char U+0403 (decimal 1027)
   defining Unicode char U+0404 (decimal 1028)
   defining Unicode char U+0405 (decimal 1029)
   defining Unicode char U+0406 (decimal 1030)
   defining Unicode char U+0407 (decimal 1031)
   defining Unicode char U+0408 (decimal 1032)
   defining Unicode char U+0409 (decimal 1033)
   defining Unicode char U+040A (decimal 1034)
   defining Unicode char U+040B (decimal 1035)
   defining Unicode char U+040C (decimal 1036)
   defining Unicode char U+040D (decimal 1037)
   defining Unicode char U+040E (decimal 1038)
   defining Unicode char U+040F (decimal 1039)
   defining Unicode char U+0410 (decimal 1040)
   defining Unicode char U+0411 (decimal 1041)
   defining Unicode char U+0412 (decimal 1042)
   defining Unicode char U+0413 (decimal 1043)
   defining Unicode char U+0414 (decimal 1044)
   defining Unicode char U+0415 (decimal 1045)
   defining Unicode char U+0416 (decimal 1046)
   defining Unicode char U+0417 (decimal 1047)
   defining Unicode char U+0418 (decimal 1048)
   defining Unicode char U+0419 (decimal 1049)
   defining Unicode char U+041A (decimal 1050)
   defining Unicode char U+041B (decimal 1051)
   defining Unicode char U+041C (decimal 1052)
   defining Unicode char U+041D (decimal 1053)
   defining Unicode char U+041E (decimal 1054)
   defining Unicode char U+041F (decimal 1055)
   defining Unicode char U+0420 (decimal 1056)
   defining Unicode char U+0421 (decimal 1057)
   defining Unicode char U+0422 (decimal 1058)
   defining Unicode char U+0423 (decimal 1059)
   defining Unicode char U+0424 (decimal 1060)
   defining Unicode char U+0425 (decimal 1061)
   defining Unicode char U+0426 (decimal 1062)
   defining Unicode char U+0427 (decimal 1063)
   defining Unicode char U+0428 (decimal 1064)
   defining Unicode char U+0429 (decimal 1065)
   defining Unicode char U+042A (decimal 1066)
   defining Unicode char U+042B (decimal 1067)
   defining Unicode char U+042C (decimal 1068)
   defining Unicode char U+042D (decimal 1069)
   defining Unicode char U+042E (decimal 1070)
   defining Unicode char U+042F (decimal 1071)
   defining Unicode char U+0430 (decimal 1072)
   defining Unicode char U+0431 (decimal 1073)
   defining Unicode char U+0432 (decimal 1074)
   defining Unicode char U+0433 (decimal 1075)
   defining Unicode char U+0434 (decimal 1076)
   defining Unicode char U+0435 (decimal 1077)
   defining Unicode char U+0436 (decimal 1078)
   defining Unicode char U+0437 (decimal 1079)
   defining Unicode char U+0438 (decimal 1080)
   defining Unicode char U+0439 (decimal 1081)
   defining Unicode char U+043A (decimal 1082)
   defining Unicode char U+043B (decimal 1083)
   defining Unicode char U+043C (decimal 1084)
   defining Unicode char U+043D (decimal 1085)
   defining Unicode char U+043E (decimal 1086)
   defining Unicode char U+043F (decimal 1087)
   defining Unicode char U+0440 (decimal 1088)
   defining Unicode char U+0441 (decimal 1089)
   defining Unicode char U+0442 (decimal 1090)
   defining Unicode char U+0443 (decimal 1091)
   defining Unicode char U+0444 (decimal 1092)
   defining Unicode char U+0445 (decimal 1093)
   defining Unicode char U+0446 (decimal 1094)
   defining Unicode char U+0447 (decimal 1095)
   defining Unicode char U+0448 (decimal 1096)
   defining Unicode char U+0449 (decimal 1097)
   defining Unicode char U+044A (decimal 1098)
   defining Unicode char U+044B (decimal 1099)
   defining Unicode char U+044C (decimal 1100)
   defining Unicode char U+044D (decimal 1101)
   defining Unicode char U+044E (decimal 1102)
   defining Unicode char U+044F (decimal 1103)
   defining Unicode char U+0450 (decimal 1104)
   defining Unicode char U+0451 (decimal 1105)
   defining Unicode char U+0452 (decimal 1106)
   defining Unicode char U+0453 (decimal 1107)
   defining Unicode char U+0454 (decimal 1108)
   defining Unicode char U+0455 (decimal 1109)
   defining Unicode char U+0456 (decimal 1110)
   defining Unicode char U+0457 (decimal 1111)
   defining Unicode char U+0458 (decimal 1112)
   defining Unicode char U+0459 (decimal 1113)
   defining Unicode char U+045A (decimal 1114)
   defining Unicode char U+045B (decimal 1115)
   defining Unicode char U+045C (decimal 1116)
   defining Unicode char U+045D (decimal 1117)
   defining Unicode char U+045E (decimal 1118)
   defining Unicode char U+045F (decimal 1119)
   defining Unicode char U+0490 (decimal 1168)
   defining Unicode char U+0491 (decimal 1169)
   defining Unicode char U+0492 (decimal 1170)
   defining Unicode char U+0493 (decimal 1171)
   defining Unicode char U+0496 (decimal 1174)
   defining Unicode char U+0497 (decimal 1175)
   defining Unicode char U+0498 (decimal 1176)
   defining Unicode char U+0499 (decimal 1177)
   defining Unicode char U+049A (decimal 1178)
   defining Unicode char U+049B (decimal 1179)
   defining Unicode char U+049C (decimal 1180)
   defining Unicode char U+049D (decimal 1181)
   defining Unicode char U+04A0 (decimal 1184)
   defining Unicode char U+04A1 (decimal 1185)
   defining Unicode char U+04A2 (decimal 1186)
   defining Unicode char U+04A3 (decimal 1187)
   defining Unicode char U+04A4 (decimal 1188)
   defining Unicode char U+04A5 (decimal 1189)
   defining Unicode char U+04AA (decimal 1194)
   defining Unicode char U+04AB (decimal 1195)
   defining Unicode char U+04AE (decimal 1198)
   defining Unicode char U+04AF (decimal 1199)
   defining Unicode char U+04B0 (decimal 1200)
   defining Unicode char U+04B1 (decimal 1201)
   defining Unicode char U+04B2 (decimal 1202)
   defining Unicode char U+04B3 (decimal 1203)
   defining Unicode char U+04B6 (decimal 1206)
   defining Unicode char U+04B7 (decimal 1207)
   defining Unicode char U+04B8 (decimal 1208)
   defining Unicode char U+04B9 (decimal 1209)
   defining Unicode char U+04BA (decimal 1210)
   defining Unicode char U+04BB (decimal 1211)
   defining Unicode char U+04C0 (decimal 1216)
   defining Unicode char U+04C1 (decimal 1217)
   defining Unicode char U+04C2 (decimal 1218)
   defining Unicode char U+04D0 (decimal 1232)
   defining Unicode char U+04D1 (decimal 1233)
   defining Unicode char U+04D2 (decimal 1234)
   defining Unicode char U+04D3 (decimal 1235)
   defining Unicode char U+04D4 (decimal 1236)
   defining Unicode char U+04D5 (decimal 1237)
   defining Unicode char U+04D6 (decimal 1238)
   defining Unicode char U+04D7 (decimal 1239)
   defining Unicode char U+04D8 (decimal 1240)
   defining Unicode char U+04D9 (decimal 1241)
   defining Unicode char U+04DA (decimal 1242)
   defining Unicode char U+04DB (decimal 1243)
   defining Unicode char U+04DC (decimal 1244)
   defining Unicode char U+04DD (decimal 1245)
   defining Unicode char U+04DE (decimal 1246)
   defining Unicode char U+04DF (decimal 1247)
   defining Unicode char U+04E2 (decimal 1250)
   defining Unicode char U+04E3 (decimal 1251)
   defining Unicode char U+04E4 (decimal 1252)
   defining Unicode char U+04E5 (decimal 1253)
   defining Unicode char U+04E6 (decimal 1254)
   defining Unicode char U+04E7 (decimal 1255)
   defining Unicode char U+04E8 (decimal 1256)
   defining Unicode char U+04E9 (decimal 1257)
   defining Unicode char U+04EC (decimal 1260)
   defining Unicode char U+04ED (decimal 1261)
   defining Unicode char U+04EE (decimal 1262)
   defining Unicode char U+04EF (decimal 1263)
   defining Unicode char U+04F0 (decimal 1264)
   defining Unicode char U+04F1 (decimal 1265)
   defining Unicode char U+04F2 (decimal 1266)
   defining Unicode char U+04F3 (decimal 1267)
   defining Unicode char U+04F4 (decimal 1268)
   defining Unicode char U+04F5 (decimal 1269)
   defining Unicode char U+04F8 (decimal 1272)
   defining Unicode char U+04F9 (decimal 1273)
   defining Unicode char U+200C (decimal 8204)
   defining Unicode char U+2013 (decimal 8211)
   defining Unicode char U+2014 (decimal 8212)
   defining Unicode char U+2018 (decimal 8216)
   defining Unicode char U+2019 (decimal 8217)
   defining Unicode char U+201C (decimal 8220)
   defining Unicode char U+201D (decimal 8221)
   defining Unicode char U+201E (decimal 8222)
   defining Unicode char U+2030 (decimal 8240)
   defining Unicode char U+2031 (decimal 8241)
   defining Unicode char U+2116 (decimal 8470)
   defining Unicode char U+2329 (decimal 9001)
   defining Unicode char U+232A (decimal 9002)
   defining Unicode char U+2423 (decimal 9251)
))
LaTeX Font Info:    Try loading font information for T2A+cmr on input line 105.


(/usr/local/texlive/2018/texmf-dist/tex/latex/cyrillic/t2acmr.fd
File: t2acmr.fd 2001/08/11 v1.0a Computer Modern Cyrillic font definitions
))
(/usr/local/texlive/2018/texmf-dist/tex/generic/babel/babel.sty
Package: babel 2018/11/13 3.27 The Babel package

(/usr/local/texlive/2018/texmf-dist/tex/generic/babel/switch.def
File: switch.def 2018/11/13 3.27 Babel switching mechanism
)
(/usr/local/texlive/2018/texmf-dist/tex/generic/babel-russian/russianb.ldf
Language: russian 2017/08/12 1.3j Russian support for the Babel system

(/usr/local/texlive/2018/texmf-dist/tex/generic/babel/babel.def
File: babel.def 2018/11/13 3.27 Babel common definitions
\babel@savecnt=\count88
\U@D=\dimen103

(/usr/local/texlive/2018/texmf-dist/tex/generic/babel/txtbabel.def)
\bbl@dirlevel=\count89
)
Package babel Info: Making " an active character on input line 120.
Package babel Info: Default for \cyrdash is provided on input line 157.
))
(/usr/local/texlive/2018/texmf-dist/tex/latex/geometry/geometry.sty
Package: geometry 2018/04/16 v5.8 Page Geometry

(/usr/local/texlive/2018/texmf-dist/tex/latex/graphics/keyval.sty
Package: keyval 2014/10/28 v1.15 key=value parser (DPC)
\KV@toks@=\toks16
)
(/usr/local/texlive/2018/texmf-dist/tex/generic/oberdiek/ifpdf.sty
Package: ifpdf 2018/09/07 v3.3 Provides the ifpdf switch
)
(/usr/local/texlive/2018/texmf-dist/tex/generic/oberdiek/ifvtex.sty
Package: ifvtex 2016/05/16 v1.6 Detect VTeX and its facilities (HO)
Package ifvtex Info: VTeX not detected.
)
(/usr/local/texlive/2018/texmf-dist/tex/generic/ifxetex/ifxetex.sty
Package: ifxetex 2010/09/12 v0.6 Provides ifxetex conditional
)
\Gm@cnth=\count90
\Gm@cntv=\count91
\c@Gm@tempcnt=\count92
\Gm@bindingoffset=\dimen104
\Gm@wd@mp=\dimen105
\Gm@odd@mp=\dimen106
\Gm@even@mp=\dimen107
\Gm@layoutwidth=\dimen108
\Gm@layoutheight=\dimen109
\Gm@layouthoffset=\dimen110
\Gm@layoutvoffset=\dimen111
\Gm@dimlist=\toks17
)
(/usr/local/texlive/2018/texmf-dist/tex/latex/graphics/graphicx.sty
Package: graphicx 2017/06/01 v1.1a Enhanced LaTeX Graphics (DPC,SPQR)

(/usr/local/texlive/2018/texmf-dist/tex/latex/graphics/graphics.sty
Package: graphics 2017/06/25 v1.2c Standard LaTeX Graphics (DPC,SPQR)

(/usr/local/texlive/2018/texmf-dist/tex/latex/graphics/trig.sty
Package: trig 2016/01/03 v1.10 sin cos tan (DPC)
)
(/usr/local/texlive/2018/texmf-dist/tex/latex/graphics-cfg/graphics.cfg
File: graphics.cfg 2016/06/04 v1.11 sample graphics configuration
)
Package graphics Info: Driver file: pdftex.def on input line 99.

(/usr/local/texlive/2018/texmf-dist/tex/latex/graphics-def/pdftex.def
File: pdftex.def 2018/01/08 v1.0l Graphics/color driver for pdftex
))
\Gin@req@height=\dimen112
\Gin@req@width=\dimen113
)
(/usr/local/texlive/2018/texmf-dist/tex/latex/wrapfig/wrapfig.sty
\wrapoverhang=\dimen114
\WF@size=\dimen115
\c@WF@wrappedlines=\count93
\WF@box=\box27
\WF@everypar=\toks18
Package: wrapfig 2003/01/31  v 3.6
)
(./РўРµС…РЅРёС‡РµСЃРєР°СЏ_РґРѕРєСѓРјРµРЅС‚Р°С†РёСЏ.aux)
\openout1 = `РўРµС…РЅРёС‡РµСЃРєР°СЏ_РґРѕРєСѓРјРµРЅС‚Р°С†РёСЏ.aux'.

LaTeX Font Info:    Checking defaults for OML/cmm/m/it on input line 23.
LaTeX Font Info:    ... okay on input line 23.
LaTeX Font Info:    Checking defaults for T1/cmr/m/n on input line 23.
LaTeX Font Info:    ... okay on input line 23.
LaTeX Font Info:    Checking defaults for OT1/cmr/m/n on input line 23.
LaTeX Font Info:    ... okay on input line 23.
LaTeX Font Info:    Checking defaults for OMS/cmsy/m/n on input line 23.
LaTeX Font Info:    ... okay on input line 23.
LaTeX Font Info:    Checking defaults for OMX/cmex/m/n on input line 23.
LaTeX Font Info:    ... okay on input line 23.
LaTeX Font Info:    Checking defaults for U/cmr/m/n on input line 23.
LaTeX Font Info:    ... okay on input line 23.
LaTeX Font Info:    Checking defaults for T2A/cmr/m/n on input line 23.
LaTeX Font Info:    ... okay on input line 23.

*geometry* driver: auto-detecting
*geometry* detected driver: pdftex
*geometry* verbose mode - [ preamble ] result:
* driver: pdftex
* paper: a4paper
* layout: <same size as paper>
* layoutoffset:(h,v)=(0.0pt,0.0pt)
* modes: 
* h-part:(L,W,R)=(99.58464pt, 441.01773pt, 56.9055pt)
* v-part:(T,H,B)=(71.13188pt, 674.33032pt, 99.58464pt)
* \paperwidth=597.50787pt
* \paperheight=845.04684pt
* \textwidth=441.01773pt
* \textheight=674.33032pt
* \oddsidemargin=27.31465pt
* \evensidemargin=27.31465pt
* \topmargin=-40.1381pt
* \headheight=14.0pt
* \headsep=25.0pt
* \topskip=14.0pt
* \footskip=30.0pt
* \marginparwidth=15.0pt
* \marginparsep=10.0pt
* \columnsep=10.0pt
* \skip\footins=12.0pt plus 4.0pt minus 2.0pt
* \hoffset=0.0pt
* \voffset=0.0pt
* \mag=1000
* \@twocolumnfalse
* \@twosidefalse
* \@mparswitchfalse
* \@reversemarginfalse
* (1in=72.27pt=25.4mm, 1cm=28.453pt)

(/usr/local/texlive/2018/texmf-dist/tex/context/base/mkii/supp-pdf.mkii
[Loading MPS to PDF converter (version 2006.09.02).]
\scratchcounter=\count94
\scratchdimen=\dimen116
\scratchbox=\box28
\nofMPsegments=\count95
\nofMParguments=\count96
\everyMPshowfont=\toks19
\MPscratchCnt=\count97
\MPscratchDim=\dimen117
\MPnumerator=\count98
\makeMPintoPDFobject=\count99
\everyMPtoPDFconversion=\toks20
) (/usr/local/texlive/2018/texmf-dist/tex/latex/oberdiek/epstopdf-base.sty
Package: epstopdf-base 2016/05/15 v2.6 Base part for package epstopdf

(/usr/local/texlive/2018/texmf-dist/tex/generic/oberdiek/infwarerr.sty
Package: infwarerr 2016/05/16 v1.4 Providing info/warning/error messages (HO)
)
(/usr/local/texlive/2018/texmf-dist/tex/latex/oberdiek/grfext.sty
Package: grfext 2016/05/16 v1.2 Manage graphics extensions (HO)

(/usr/local/texlive/2018/texmf-dist/tex/generic/oberdiek/kvdefinekeys.sty
Package: kvdefinekeys 2016/05/16 v1.4 Define keys (HO)

(/usr/local/texlive/2018/texmf-dist/tex/generic/oberdiek/ltxcmds.sty
Package: ltxcmds 2016/05/16 v1.23 LaTeX kernel commands for general use (HO)
)))
(/usr/local/texlive/2018/texmf-dist/tex/latex/oberdiek/kvoptions.sty
Package: kvoptions 2016/05/16 v3.12 Key value format for package options (HO)

(/usr/local/texlive/2018/texmf-dist/tex/generic/oberdiek/kvsetkeys.sty
Package: kvsetkeys 2016/05/16 v1.17 Key value parser (HO)

(/usr/local/texlive/2018/texmf-dist/tex/generic/oberdiek/etexcmds.sty
Package: etexcmds 2016/05/16 v1.6 Avoid name clashes with e-TeX commands (HO)

(/usr/local/texlive/2018/texmf-dist/tex/generic/oberdiek/ifluatex.sty
Package: ifluatex 2016/05/16 v1.4 Provides the ifluatex switch (HO)
Package ifluatex Info: LuaTeX not detected.
)
Package etexcmds Info: Could not find \expanded.
(etexcmds)             That can mean that you are not using pdfTeX 1.50 or
(etexcmds)             that some package has redefined \expanded.
(etexcmds)             In the latter case, load this package earlier.
)))
(/usr/local/texlive/2018/texmf-dist/tex/generic/oberdiek/pdftexcmds.sty
Package: pdftexcmds 2018/09/10 v0.29 Utility functions of pdfTeX for LuaTeX (HO
)
Package pdftexcmds Info: LuaTeX not detected.
Package pdftexcmds Info: \pdf@primitive is available.
Package pdftexcmds Info: \pdf@ifprimitive is available.
Package pdftexcmds Info: \pdfdraftmode found.
)
Package epstopdf-base Info: Redefining graphics rule for `.eps' on input line 4
38.
Package grfext Info: Graphics extension search list:
(grfext)             [.pdf,.png,.jpg,.mps,.jpeg,.jbig2,.jb2,.PDF,.PNG,.JPG,.JPE
G,.JBIG2,.JB2,.eps]
(grfext)             \AppendGraphicsExtensions on input line 456.

(/usr/local/texlive/2018/texmf-dist/tex/latex/latexconfig/epstopdf-sys.cfg
File: epstopdf-sys.cfg 2010/07/13 v1.3 Configuration of (r)epstopdf for TeX Liv
e
))
[1

{/usr/local/texlive/2018/texmf-var/fonts/map/pdftex/updmap/pdftex.map}]
LaTeX Font Info:    Try loading font information for OMS+cmr on input line 72.

(/usr/local/texlive/2018/texmf-dist/tex/latex/base/omscmr.fd
File: omscmr.fd 2014/09/29 v2.5h Standard LaTeX font definitions
)
LaTeX Font Info:    Font shape `OMS/cmr/m/n' in size <14.4> not available
(Font)              Font shape `OMS/cmsy/m/n' tried instead on input line 72.
LaTeX Font Info:    External font `cmex10' loaded for size
(Font)              <14.4> on input line 110.
LaTeX Font Info:    External font `cmex10' loaded for size
(Font)              <7> on input line 110.
 [2] [3]
Overfull \hbox (2.16002pt too wide) in paragraph at lines 132--135
\T2A/cmr/m/n/14.4 ще-ствен-ные, ка-те-го-ри-аль-ные и раз-ре-жен-ные). 2. Слу-ч
ай-ный лес ^^U стро-
 []

[4]
Overfull \hbox (0.51524pt too wide) in paragraph at lines 154--155
\T2A/cmr/m/n/14.4 стра-нен-ной мет-ри-кой в ма-шин-ном обу-че-нии. Этот по-ка-з
а-тель озна-
 []

<vlad.png, id=24, 375.3222pt x 280.8894pt>
./РўРµС…РЅРёС‡РµСЃРєР°СЏ_РґРѕРєСѓРјРµРЅС‚Р°С†РёСЏ.tex:162: Illegal unit of meas
ure (pt inserted).
<to be read again> 
                   \relax 
l.162   \includegraphics[width=350]{vlad.png}
                                             
? s
OK, entering \scrollmode...
./РўРµС…РЅРёС‡РµСЃРєР°СЏ_РґРѕРєСѓРјРµРЅС‚Р°С†РёСЏ.tex:162: Illegal unit of meas
ure (pt inserted).
<to be read again> 
                   \relax 
l.162   \includegraphics[width=350]{vlad.png}
                                             
Dimensions can be in units of em, ex, in, pt, pc,
cm, mm, dd, cc, nd, nc, bp, or sp; but yours is a new one!
I'll assume that you meant to say pt, for printer's points.
To recover gracefully from this error, it's best to
delete the erroneous units; e.g., type `2' to delete
two letters. (See Chapter 27 of The TeXbook.)

File: vlad.png Graphic file (type png)
<use vlad.png>
Package pdftex.def Info: vlad.png  used on input line 162.
(pdftex.def)             Requested size: 350.0pt x 261.94449pt.

LaTeX Warning: `h' float specifier changed to `ht'.

[5] [6 <./vlad.png>] [7]
./РўРµС…РЅРёС‡РµСЃРєР°СЏ_РґРѕРєСѓРјРµРЅС‚Р°С†РёСЏ.tex:248: Undefined control se
quence.
l.248 		$$\text
               {idf}(t)_{{term1}} =
The control sequence at the end of the top line
of your error message was never \def'ed. If you have
misspelled it (e.g., `\hobx'), type `I' and the correct
spelling (e.g., `I\hbox'). Otherwise just continue,
and I'll forget about whatever was undefined.


./РўРµС…РЅРёС‡РµСЃРєР°СЏ_РґРѕРєСѓРјРµРЅС‚Р°С†РёСЏ.tex:260: LaTeX Error: Environ
ment bmatrix undefined.

See the LaTeX manual or LaTeX Companion for explanation.
Type  H <return>  for immediate help.
 ...                                              
                                                  
l.260 		\begin{bmatrix}
                       
Your command was ignored.
Type  I <command> <return>  to replace it with another command,
or  <return>  to continue without it.

./РўРµС…РЅРёС‡РµСЃРєР°СЏ_РґРѕРєСѓРјРµРЅС‚Р°С†РёСЏ.tex:261: Misplaced alignment 
tab character &.
l.261 			0.48133417 &
                       0 & 0 &  0.61980538 & 0.61980538\\
I can't figure out why you would want to use a tab mark
here. If you just want an ampersand, the remedy is
simple: Just type `I\&' now. But if some right brace
up above has ended a previous alignment prematurely,
you're probably due for more error messages, and you
might try typing `S' now just to see what is salvageable.

./РўРµС…РЅРёС‡РµСЃРєР°СЏ_РґРѕРєСѓРјРµРЅС‚Р°С†РёСЏ.tex:261: Misplaced alignment 
tab character &.
l.261 			0.48133417 &  0 &
                           0 &  0.61980538 & 0.61980538\\
I can't figure out why you would want to use a tab mark
here. If you just want an ampersand, the remedy is
simple: Just type `I\&' now. But if some right brace
up above has ended a previous alignment prematurely,
you're probably due for more error messages, and you
might try typing `S' now just to see what is salvageable.

./РўРµС…РЅРёС‡РµСЃРєР°СЏ_РґРѕРєСѓРјРµРЅС‚Р°С†РёСЏ.tex:261: Misplaced alignment 
tab character &.
l.261 			0.48133417 &  0 & 0 &
                                0.61980538 & 0.61980538\\
I can't figure out why you would want to use a tab mark
here. If you just want an ampersand, the remedy is
simple: Just type `I\&' now. But if some right brace
up above has ended a previous alignment prematurely,
you're probably due for more error messages, and you
might try typing `S' now just to see what is salvageable.

./РўРµС…РЅРёС‡РµСЃРєР°СЏ_РґРѕРєСѓРјРµРЅС‚Р°С†РёСЏ.tex:261: Misplaced alignment 
tab character &.
l.261 			0.48133417 &  0 & 0 &  0.61980538 &
                                             0.61980538\\
I can't figure out why you would want to use a tab mark
here. If you just want an ampersand, the remedy is
simple: Just type `I\&' now. But if some right brace
up above has ended a previous alignment prematurely,
you're probably due for more error messages, and you
might try typing `S' now just to see what is salvageable.

./РўРµС…РЅРёС‡РµСЃРєР°СЏ_РґРѕРєСѓРјРµРЅС‚Р°С†РёСЏ.tex:262: Misplaced alignment 
tab character &.
l.262 			0.42544054 &
                       0.72033345 & 0 &  0.54783215 & 0\\
I can't figure out why you would want to use a tab mark
here. If you just want an ampersand, the remedy is
simple: Just type `I\&' now. But if some right brace
up above has ended a previous alignment prematurely,
you're probably due for more error messages, and you
might try typing `S' now just to see what is salvageable.

./РўРµС…РЅРёС‡РµСЃРєР°СЏ_РґРѕРєСѓРјРµРЅС‚Р°С†РёСЏ.tex:262: Misplaced alignment 
tab character &.
l.262 			0.42544054 &  0.72033345 &
                                    0 &  0.54783215 & 0\\
I can't figure out why you would want to use a tab mark
here. If you just want an ampersand, the remedy is
simple: Just type `I\&' now. But if some right brace
up above has ended a previous alignment prematurely,
you're probably due for more error messages, and you
might try typing `S' now just to see what is salvageable.

./РўРµС…РЅРёС‡РµСЃРєР°СЏ_РґРѕРєСѓРјРµРЅС‚Р°С†РёСЏ.tex:262: Misplaced alignment 
tab character &.
l.262 			0.42544054 &  0.72033345 & 0 &
                                         0.54783215 & 0\\
I can't figure out why you would want to use a tab mark
here. If you just want an ampersand, the remedy is
simple: Just type `I\&' now. But if some right brace
up above has ended a previous alignment prematurely,
you're probably due for more error messages, and you
might try typing `S' now just to see what is salvageable.

./РўРµС…РЅРёС‡РµСЃРєР°СЏ_РґРѕРєСѓРјРµРЅС‚Р°С†РёСЏ.tex:262: Misplaced alignment 
tab character &.
l.262 ...2544054 &  0.72033345 & 0 &  0.54783215 &
                                                   0\\
I can't figure out why you would want to use a tab mark
here. If you just want an ampersand, the remedy is
simple: Just type `I\&' now. But if some right brace
up above has ended a previous alignment prematurely,
you're probably due for more error messages, and you
might try typing `S' now just to see what is salvageable.

./РўРµС…РЅРёС‡РµСЃРєР°СЏ_РґРѕРєСѓРјРµРЅС‚Р°С†РёСЏ.tex:263: Misplaced alignment 
tab character &.
l.263 			0.42544054 &
                       0 & 0.72033345 &  0 & 0.54783215\\
I can't figure out why you would want to use a tab mark
here. If you just want an ampersand, the remedy is
simple: Just type `I\&' now. But if some right brace
up above has ended a previous alignment prematurely,
you're probably due for more error messages, and you
might try typing `S' now just to see what is salvageable.

./РўРµС…РЅРёС‡РµСЃРєР°СЏ_РґРѕРєСѓРјРµРЅС‚Р°С†РёСЏ.tex:263: Misplaced alignment 
tab character &.
l.263 			0.42544054 &  0 &
                           0.72033345 &  0 & 0.54783215\\
I can't figure out why you would want to use a tab mark
here. If you just want an ampersand, the remedy is
simple: Just type `I\&' now. But if some right brace
up above has ended a previous alignment prematurely,
you're probably due for more error messages, and you
might try typing `S' now just to see what is salvageable.

./РўРµС…РЅРёС‡РµСЃРєР°СЏ_РґРѕРєСѓРјРµРЅС‚Р°С†РёСЏ.tex:263: Misplaced alignment 
tab character &.
l.263 			0.42544054 &  0 & 0.72033345 &
                                         0 & 0.54783215\\
I can't figure out why you would want to use a tab mark
here. If you just want an ampersand, the remedy is
simple: Just type `I\&' now. But if some right brace
up above has ended a previous alignment prematurely,
you're probably due for more error messages, and you
might try typing `S' now just to see what is salvageable.

./РўРµС…РЅРёС‡РµСЃРєР°СЏ_РґРѕРєСѓРјРµРЅС‚Р°С†РёСЏ.tex:263: Misplaced alignment 
tab character &.
l.263 			0.42544054 &  0 & 0.72033345 &  0 &
                                             0.54783215\\
I can't figure out why you would want to use a tab mark
here. If you just want an ampersand, the remedy is
simple: Just type `I\&' now. But if some right brace
up above has ended a previous alignment prematurely,
you're probably due for more error messages, and you
might try typing `S' now just to see what is salvageable.


./РўРµС…РЅРёС‡РµСЃРєР°СЏ_РґРѕРєСѓРјРµРЅС‚Р°С†РёСЏ.tex:264: LaTeX Error: \begin{
document} ended by \end{bmatrix}.

See the LaTeX manual or LaTeX Companion for explanation.
Type  H <return>  for immediate help.
 ...                                              
                                                  
l.264 		\end{bmatrix}
                     
Your command was ignored.
Type  I <command> <return>  to replace it with another command,
or  <return>  to continue without it.


Underfull \hbox (badness 10000) in paragraph at lines 261--265

 []

[8]
<sigmoid_func.png, id=42, 393.47pt x 266.9975pt>

./РўРµС…РЅРёС‡РµСЃРєР°СЏ_РґРѕРєСѓРјРµРЅС‚Р°С†РёСЏ.tex:280: Illegal unit of meas
ure (pt inserted).
<to be read again> 
                   \relax 
l.280 ...ludegraphics[width=350]{sigmoid_func.png}
                                                  
Dimensions can be in units of em, ex, in, pt, pc,
cm, mm, dd, cc, nd, nc, bp, or sp; but yours is a new one!
I'll assume that you meant to say pt, for printer's points.
To recover gracefully from this error, it's best to
delete the erroneous units; e.g., type `2' to delete
two letters. (See Chapter 27 of The TeXbook.)

./РўРµС…РЅРёС‡РµСЃРєР°СЏ_РґРѕРєСѓРјРµРЅС‚Р°С†РёСЏ.tex:280: Illegal unit of meas
ure (pt inserted).
<to be read again> 
                   \relax 
l.280 ...ludegraphics[width=350]{sigmoid_func.png}
                                                  
Dimensions can be in units of em, ex, in, pt, pc,
cm, mm, dd, cc, nd, nc, bp, or sp; but yours is a new one!
I'll assume that you meant to say pt, for printer's points.
To recover gracefully from this error, it's best to
delete the erroneous units; e.g., type `2' to delete
two letters. (See Chapter 27 of The TeXbook.)

File: sigmoid_func.png Graphic file (type png)
<use sigmoid_func.png>
Package pdftex.def Info: sigmoid_func.png  used on input line 280.
(pdftex.def)             Requested size: 350.0pt x 237.49663pt.

Overfull \hbox (1.80737pt too wide) in paragraph at lines 285--286
[]\T2A/cmr/m/n/14.4 Моделью клас-си-фи-ка-ции ло-ги-сти-че-ская ре-грес-сия ста
-но-вит-ся толь-
 []

[9 <./sigmoid_func.png>]
Overfull \hbox (6.41585pt too wide) in paragraph at lines 292--293
\T2A/cmr/m/n/14.4 жа-щие по-ряд-ко-вой шка-ле, на-при-мер: "неудо-вле-тво-ри-те
ль-но" , "удо-
 []


Overfull \hbox (12.63844pt too wide) in paragraph at lines 298--299
\T2A/cmr/m/n/14.4 Исследователями вы-де-ля-ет-ся боль-шое ко-ли-че-ство оцен-ки
 точ-но-сти клас-
 []

[10]
<fig1.png, id=50, 609.77812pt x 324.46219pt>
File: fig1.png Graphic file (type png)
<use fig1.png>
Package pdftex.def Info: fig1.png  used on input line 342.
(pdftex.def)             Requested size: 441.01773pt x 234.67207pt.


LaTeX Warning: `h' float specifier changed to `ht'.


Overfull \hbox (1.39641pt too wide) in paragraph at lines 347--348
\T2A/cmr/m/n/14.4 ся поль-зо-ва-те-лем. Ре-зуль-тат ра-бо-ты мож-но пуб-ли-ко-в
ать на веб-страни-
 []

<fig2.png, id=51, 1566.60281pt x 721.94719pt>
File: fig2.png Graphic file (type png)
<use fig2.png>
Package pdftex.def Info: fig2.png  used on input line 351.
(pdftex.def)             Requested size: 441.01773pt x 203.23442pt.

LaTeX Warning: `h' float specifier changed to `ht'.

[11]
<1.png, id=55, 1094.58937pt x 646.66594pt>
File: 1.png Graphic file (type png)
<use 1.png>
Package pdftex.def Info: 1.png  used on input line 365.
(pdftex.def)             Requested size: 198.45662pt x 117.24342pt.
<2.png, id=56, 1094.58937pt x 644.4075pt>
File: 2.png Graphic file (type png)
<use 2.png>
Package pdftex.def Info: 2.png  used on input line 366.
(pdftex.def)             Requested size: 198.45662pt x 116.83397pt.
<3.png, id=57, 1094.58937pt x 644.4075pt>
File: 3.png Graphic file (type png)
<use 3.png>
Package pdftex.def Info: 3.png  used on input line 367.
(pdftex.def)             Requested size: 198.45662pt x 116.83397pt.
<4.png, id=58, 1094.58937pt x 644.4075pt>
File: 4.png Graphic file (type png)
<use 4.png>
Package pdftex.def Info: 4.png  used on input line 368.
(pdftex.def)             Requested size: 198.45662pt x 116.83397pt.
 [12 <./fig1.png>]
Overfull \hbox (50.94856pt too wide) in paragraph at lines 390--391
[]\T2A/cmr/m/n/14.4 Можно взять дан-ные по ссыл-ке: http://jmcauley.ucsd.edu/da
ta/amazon/ 
 []

[13 <./fig2.png>]
Overfull \hbox (40.03539pt too wide) in paragraph at lines 395--396
[]\T2A/cmr/m/n/14.4 Запустить скрипт https://github.com/pekshin/kursach/blob/ma
ster/v_1_ 
 []


Overfull \hbox (31.3169pt too wide) in paragraph at lines 395--396
\T2A/cmr/m/n/14.4 reviews_analysis/english_dataset/Logistic_modeling_reviews_Am
azon_ 
 []


./РўРµС…РЅРёС‡РµСЃРєР°СЏ_РґРѕРєСѓРјРµРЅС‚Р°С†РёСЏ.tex:407: LaTeX Error: \begin{
enumerate} on input line 386 ended by \end{itemize}.

See the LaTeX manual or LaTeX Companion for explanation.
Type  H <return>  for immediate help.
 ...                                              
                                                  
l.407 		\end{itemize}
                     
Your command was ignored.
Type  I <command> <return>  to replace it with another command,
or  <return>  to continue without it.


./РўРµС…РЅРёС‡РµСЃРєР°СЏ_РґРѕРєСѓРјРµРЅС‚Р°С†РёСЏ.tex:408: LaTeX Error: \begin{
document} ended by \end{enumerate}.

See the LaTeX manual or LaTeX Companion for explanation.
Type  H <return>  for immediate help.
 ...                                              
                                                  
l.408 \end{enumerate}
                     
Your command was ignored.
Type  I <command> <return>  to replace it with another command,
or  <return>  to continue without it.

./РўРµС…РЅРёС‡РµСЃРєР°СЏ_РґРѕРєСѓРјРµРЅС‚Р°С†РёСЏ.tex:408: Extra \endgroup.
<recently read> \endgroup 
                          
l.408 \end{enumerate}
                     
Things are pretty mixed up, but I think the worst is over.

[14 <./1.png (PNG copy)> <./2.png (PNG copy)> <./3.png (PNG copy)> <./4.png (PN
G copy)>]
Overfull \hbox (0.31758pt too wide) in paragraph at lines 424--425
[]\T2A/cmr/m/n/14.4 В ра-бо-те ис-поль-зу-ют-ся 3 да-та-се-та: Beauty, Baby, He
alth and Personal
 []

<vlad_ruc_pol.png, id=71, 468.3096pt x 241.8636pt>
File: vlad_ruc_pol.png Graphic file (type png)
<use vlad_ruc_pol.png>
Package pdftex.def Info: vlad_ruc_pol.png  used on input line 439.
(pdftex.def)             Requested size: 441.01773pt x 227.7799pt.
[15 <./vlad_ruc_pol.png>]
./РўРµС…РЅРёС‡РµСЃРєР°СЏ_РґРѕРєСѓРјРµРЅС‚Р°С†РёСЏ.tex:462: Missing { inserted.
<to be read again> 
                   $
l.462 ... из этих трех методов, где параметр “$C_$
                                                  ” – для SVM, параметр “$N_...
A left brace was mandatory here, so I've put one in.
You might want to delete and/or insert some corrections
so that I will find a matching right brace soon.
(If you're confused by all this, try typing `I}' now.)

./РўРµС…РЅРёС‡РµСЃРєР°СЏ_РґРѕРєСѓРјРµРЅС‚Р°С†РёСЏ.tex:462: Missing } inserted.
<inserted text> 
                }
l.462 ... из этих трех методов, где параметр “$C_$
                                                  ” – для SVM, параметр “$N_...
I've inserted something that you may have forgotten.
(See the <inserted text> above.)
With luck, this will get me unwedged. But if you
really didn't forget anything, try typing `2' now; then
my insertion and my current dilemma will both disappear.

./РўРµС…РЅРёС‡РµСЃРєР°СЏ_РґРѕРєСѓРјРµРЅС‚Р°С†РёСЏ.tex:462: Missing { inserted.
<to be read again> 
                   $
l.462 ...параметр “$C_$” – для SVM, параметр “$N_$
                                                  ” – для RF, параметр “$I_$...
A left brace was mandatory here, so I've put one in.
You might want to delete and/or insert some corrections
so that I will find a matching right brace soon.
(If you're confused by all this, try typing `I}' now.)

./РўРµС…РЅРёС‡РµСЃРєР°СЏ_РґРѕРєСѓРјРµРЅС‚Р°С†РёСЏ.tex:462: Missing } inserted.
<inserted text> 
                }
l.462 ...параметр “$C_$” – для SVM, параметр “$N_$
                                                  ” – для RF, параметр “$I_$...
I've inserted something that you may have forgotten.
(See the <inserted text> above.)
With luck, this will get me unwedged. But if you
really didn't forget anything, try typing `2' now; then
my insertion and my current dilemma will both disappear.

./РўРµС…РЅРёС‡РµСЃРєР°СЏ_РґРѕРєСѓРјРµРЅС‚Р°С†РёСЏ.tex:462: Missing { inserted.
<to be read again> 
                   $
l.462 ... параметр “$N_$” – для RF, параметр “$I_$
                                                  ” – для Gboos
A left brace was mandatory here, so I've put one in.
You might want to delete and/or insert some corrections
so that I will find a matching right brace soon.
(If you're confused by all this, try typing `I}' now.)

./РўРµС…РЅРёС‡РµСЃРєР°СЏ_РґРѕРєСѓРјРµРЅС‚Р°С†РёСЏ.tex:462: Missing } inserted.
<inserted text> 
                }
l.462 ... параметр “$N_$” – для RF, параметр “$I_$
                                                  ” – для Gboos
I've inserted something that you may have forgotten.
(See the <inserted text> above.)
With luck, this will get me unwedged. But if you
really didn't forget anything, try typing `2' now; then
my insertion and my current dilemma will both disappear.


Overfull \hbox (9.61932pt too wide) in paragraph at lines 488--489
[]\T2A/cmr/m/n/14.4 Может слу-чить-ся, что вход-ные дан-ные для по-стро-ен-ния 
ROC-кривой
 []


Overfull \hbox (0.43755pt too wide) in paragraph at lines 488--489
\T2A/cmr/m/n/14.4 нуж-но вос-поль-зо-вать-ся ко-дом на https://github.com/Gorch
avkina/ROC 
 []

<c.png, id=76, 864.98157pt x 432.11438pt>
File: c.png Graphic file (type png)
<use c.png>
Package pdftex.def Info: c.png  used on input line 494.
(pdftex.def)             Requested size: 396.91325pt x 198.2805pt.

LaTeX Warning: `!h' float specifier changed to `!ht'.

<roc.png, id=77, 770.88pt x 526.21594pt>
File: roc.png Graphic file (type png)
<use roc.png>
Package pdftex.def Info: roc.png  used on input line 500.
(pdftex.def)             Requested size: 396.91325pt x 270.93599pt.

LaTeX Warning: `h' float specifier changed to `ht'.

[16] [17 <./c.png> <./roc.png>]
(./РўРµС…РЅРёС‡РµСЃРєР°СЏ_РґРѕРєСѓРјРµРЅС‚Р°С†РёСЏ.aux)

LaTeX Warning: Label(s) may have changed. Rerun to get cross-references right.

 ) 
Here is how much of TeX's memory you used:
 3388 strings out of 492616
 47427 string characters out of 6128983
 123578 words of memory out of 5000000
 7238 multiletter control sequences out of 15000+600000
 9431 words of font info for 23 fonts, out of 8000000 for 9000
 1141 hyphenation exceptions out of 8191
 41i,7n,25p,912b,244s stack positions out of 5000i,500n,10000p,200000b,80000s
{/usr/local/texlive/2018/texmf-dist/fonts/enc/dvips/cm-super/cm-super-t2a.enc
}</usr/local/texlive/2018/texmf-dist/fonts/type1/public/amsfonts/cm/cmex10.pfb>
</usr/local/texlive/2018/texmf-dist/fonts/type1/public/amsfonts/cm/cmmi10.pfb><
/usr/local/texlive/2018/texmf-dist/fonts/type1/public/amsfonts/cm/cmmi12.pfb></
usr/local/texlive/2018/texmf-dist/fonts/type1/public/amsfonts/cm/cmr10.pfb></us
r/local/texlive/2018/texmf-dist/fonts/type1/public/amsfonts/cm/cmr12.pfb></usr/
local/texlive/2018/texmf-dist/fonts/type1/public/amsfonts/cm/cmsy10.pfb></usr/l
ocal/texlive/2018/texmf-dist/fonts/type1/public/cm-super/sfbx1440.pfb></usr/loc
al/texlive/2018/texmf-dist/fonts/type1/public/cm-super/sfbx1728.pfb></usr/local
/texlive/2018/texmf-dist/fonts/type1/public/cm-super/sfbx2074.pfb></usr/local/t
exlive/2018/texmf-dist/fonts/type1/public/cm-super/sfrm1440.pfb></usr/local/tex
live/2018/texmf-dist/fonts/type1/public/cm-super/sfrm1728.pfb>
Output written on РўРµС…РЅРёС‡РµСЃРєР°СЏ_РґРѕРєСѓРјРµРЅС‚Р°С†РёСЏ.pdf (17 pages
, 1625476 bytes).
PDF statistics:
 123 PDF objects out of 1000 (max. 8388607)
 74 compressed objects within 1 object stream
 0 named destinations out of 1000 (max. 500000)
 56 words of extra memory for PDF output out of 10000 (max. 10000000)

