This is pdfTeX, Version 3.14159265-2.6-1.40.19 (TeX Live 2018) (preloaded format=pdflatex 2019.4.9)  31 MAY 2019 17:59
entering extended mode
 restricted \write18 enabled.
 file:line:error style messages enabled.
 %&-line parsing enabled.
**mais.cls
(./mais.cls
LaTeX2e <2018-12-01>

LaTeX Warning: You have requested package `',
               but the package provides `article'.

Package: article 2004/02/16 v1.4f 57 Standard LaTeX document class
Runaway argument?
./mais.cls:9: Paragraph ended before \@fileswith@ptions was complete.
<to be read again> 
                   \par 
l.9 
    
? 
./mais.cls:9: Emergency stop.
<to be read again> 
                   \par 
l.9 
    
End of file on the terminal!

 
Here is how much of TeX's memory you used:
 7 strings out of 492616
 124 string characters out of 6128983
 56957 words of memory out of 5000000
 4018 multiletter control sequences out of 15000+600000
 3640 words of font info for 14 fonts, out of 8000000 for 9000
 1141 hyphenation exceptions out of 8191
 7i,0n,8p,91b,10s stack positions out of 5000i,500n,10000p,200000b,80000s
./mais.cls:9:  ==> Fatal error occurred, no output PDF file produced!
