This is pdfTeX, Version 3.14159265-2.6-1.40.19 (TeX Live 2018) (preloaded format=pdflatex 2019.4.9)  31 MAY 2019 11:02
entering extended mode
 restricted \write18 enabled.
 file:line:error style messages enabled.
 %&-line parsing enabled.
**РљСѓСЂСЃРѕРІР°СЏ_СЂР°Р±РѕС‚Р°_РџРµС…С‚РµСЂРµРІ_Р”РµРЅРёСЃ_v2.tex
(./РљСѓСЂСЃРѕРІР°СЏ_СЂР°Р±РѕС‚Р°_РџРµС…С‚РµСЂРµРІ_Р”РµРЅРёСЃ_v2.tex
LaTeX2e <2018-12-01>
(./mais.cls

LaTeX Warning: You have requested document class `mais',
               but the document class provides `article'.

Document Class: article 2004/02/16 v1.4f 57 Standard LaTeX document class
(/usr/local/texlive/2018/texmf-dist/tex/latex/base/article.cls
Document Class: article 2018/09/03 v1.4i Standard LaTeX document class
(/usr/local/texlive/2018/texmf-dist/tex/latex/base/size12.clo
File: size12.clo 2018/09/03 v1.4i Standard LaTeX file (size option)
)
\c@part=\count80
\c@section=\count81
\c@subsection=\count82
\c@subsubsection=\count83
\c@paragraph=\count84
\c@subparagraph=\count85
\c@figure=\count86
\c@table=\count87
\abovecaptionskip=\skip41
\belowcaptionskip=\skip42
\bibindent=\dimen102
)
(/usr/local/texlive/2018/texmf-dist/tex/latex/fancyhdr/fancyhdr.sty
Package: fancyhdr 2019/01/31 v3.10 Extensive control of page headers and footer
s
\f@nch@headwidth=\skip43
\f@nch@O@elh=\skip44
\f@nch@O@erh=\skip45
\f@nch@O@olh=\skip46
\f@nch@O@orh=\skip47
\f@nch@O@elf=\skip48
\f@nch@O@erf=\skip49
\f@nch@O@olf=\skip50
\f@nch@O@orf=\skip51
)
(/usr/local/texlive/2018/texmf-dist/tex/generic/oberdiek/ifpdf.sty
Package: ifpdf 2018/09/07 v3.3 Provides the ifpdf switch
)
\c@firstpage=\count88
\c@lastpage=\count89
\c@volume=\count90
\c@tnumber=\count91
\c@year=\count92
)
(/usr/local/texlive/2018/texmf-dist/tex/latex/t2/mathtext.sty
Package: mathtext 2018/04/14 v1.0 transparent text-and-math defs
LaTeX Info: Redefining \halign on input line 121.
)
(/usr/local/texlive/2018/texmf-dist/tex/latex/base/fontenc.sty
Package: fontenc 2018/08/11 v2.0j Standard LaTeX package

(/usr/local/texlive/2018/texmf-dist/tex/latex/cyrillic/t2aenc.def
File: t2aenc.def 2005/09/27 v1.0i Cyrillic encoding definition file
Now handling font encoding T2A ...
... processing UTF-8 mapping file for font encoding T2A

(/usr/local/texlive/2018/texmf-dist/tex/latex/base/t2aenc.dfu
File: t2aenc.dfu 2018/10/05 v1.2f UTF-8 support for inputenc
   defining Unicode char U+00A4 (decimal 164)
   defining Unicode char U+00A7 (decimal 167)
   defining Unicode char U+00AB (decimal 171)
   defining Unicode char U+00BB (decimal 187)
   defining Unicode char U+0131 (decimal 305)
   defining Unicode char U+0237 (decimal 567)
   defining Unicode char U+0400 (decimal 1024)
   defining Unicode char U+0401 (decimal 1025)
   defining Unicode char U+0402 (decimal 1026)
   defining Unicode char U+0403 (decimal 1027)
   defining Unicode char U+0404 (decimal 1028)
   defining Unicode char U+0405 (decimal 1029)
   defining Unicode char U+0406 (decimal 1030)
   defining Unicode char U+0407 (decimal 1031)
   defining Unicode char U+0408 (decimal 1032)
   defining Unicode char U+0409 (decimal 1033)
   defining Unicode char U+040A (decimal 1034)
   defining Unicode char U+040B (decimal 1035)
   defining Unicode char U+040C (decimal 1036)
   defining Unicode char U+040D (decimal 1037)
   defining Unicode char U+040E (decimal 1038)
   defining Unicode char U+040F (decimal 1039)
   defining Unicode char U+0410 (decimal 1040)
   defining Unicode char U+0411 (decimal 1041)
   defining Unicode char U+0412 (decimal 1042)
   defining Unicode char U+0413 (decimal 1043)
   defining Unicode char U+0414 (decimal 1044)
   defining Unicode char U+0415 (decimal 1045)
   defining Unicode char U+0416 (decimal 1046)
   defining Unicode char U+0417 (decimal 1047)
   defining Unicode char U+0418 (decimal 1048)
   defining Unicode char U+0419 (decimal 1049)
   defining Unicode char U+041A (decimal 1050)
   defining Unicode char U+041B (decimal 1051)
   defining Unicode char U+041C (decimal 1052)
   defining Unicode char U+041D (decimal 1053)
   defining Unicode char U+041E (decimal 1054)
   defining Unicode char U+041F (decimal 1055)
   defining Unicode char U+0420 (decimal 1056)
   defining Unicode char U+0421 (decimal 1057)
   defining Unicode char U+0422 (decimal 1058)
   defining Unicode char U+0423 (decimal 1059)
   defining Unicode char U+0424 (decimal 1060)
   defining Unicode char U+0425 (decimal 1061)
   defining Unicode char U+0426 (decimal 1062)
   defining Unicode char U+0427 (decimal 1063)
   defining Unicode char U+0428 (decimal 1064)
   defining Unicode char U+0429 (decimal 1065)
   defining Unicode char U+042A (decimal 1066)
   defining Unicode char U+042B (decimal 1067)
   defining Unicode char U+042C (decimal 1068)
   defining Unicode char U+042D (decimal 1069)
   defining Unicode char U+042E (decimal 1070)
   defining Unicode char U+042F (decimal 1071)
   defining Unicode char U+0430 (decimal 1072)
   defining Unicode char U+0431 (decimal 1073)
   defining Unicode char U+0432 (decimal 1074)
   defining Unicode char U+0433 (decimal 1075)
   defining Unicode char U+0434 (decimal 1076)
   defining Unicode char U+0435 (decimal 1077)
   defining Unicode char U+0436 (decimal 1078)
   defining Unicode char U+0437 (decimal 1079)
   defining Unicode char U+0438 (decimal 1080)
   defining Unicode char U+0439 (decimal 1081)
   defining Unicode char U+043A (decimal 1082)
   defining Unicode char U+043B (decimal 1083)
   defining Unicode char U+043C (decimal 1084)
   defining Unicode char U+043D (decimal 1085)
   defining Unicode char U+043E (decimal 1086)
   defining Unicode char U+043F (decimal 1087)
   defining Unicode char U+0440 (decimal 1088)
   defining Unicode char U+0441 (decimal 1089)
   defining Unicode char U+0442 (decimal 1090)
   defining Unicode char U+0443 (decimal 1091)
   defining Unicode char U+0444 (decimal 1092)
   defining Unicode char U+0445 (decimal 1093)
   defining Unicode char U+0446 (decimal 1094)
   defining Unicode char U+0447 (decimal 1095)
   defining Unicode char U+0448 (decimal 1096)
   defining Unicode char U+0449 (decimal 1097)
   defining Unicode char U+044A (decimal 1098)
   defining Unicode char U+044B (decimal 1099)
   defining Unicode char U+044C (decimal 1100)
   defining Unicode char U+044D (decimal 1101)
   defining Unicode char U+044E (decimal 1102)
   defining Unicode char U+044F (decimal 1103)
   defining Unicode char U+0450 (decimal 1104)
   defining Unicode char U+0451 (decimal 1105)
   defining Unicode char U+0452 (decimal 1106)
   defining Unicode char U+0453 (decimal 1107)
   defining Unicode char U+0454 (decimal 1108)
   defining Unicode char U+0455 (decimal 1109)
   defining Unicode char U+0456 (decimal 1110)
   defining Unicode char U+0457 (decimal 1111)
   defining Unicode char U+0458 (decimal 1112)
   defining Unicode char U+0459 (decimal 1113)
   defining Unicode char U+045A (decimal 1114)
   defining Unicode char U+045B (decimal 1115)
   defining Unicode char U+045C (decimal 1116)
   defining Unicode char U+045D (decimal 1117)
   defining Unicode char U+045E (decimal 1118)
   defining Unicode char U+045F (decimal 1119)
   defining Unicode char U+0490 (decimal 1168)
   defining Unicode char U+0491 (decimal 1169)
   defining Unicode char U+0492 (decimal 1170)
   defining Unicode char U+0493 (decimal 1171)
   defining Unicode char U+0496 (decimal 1174)
   defining Unicode char U+0497 (decimal 1175)
   defining Unicode char U+0498 (decimal 1176)
   defining Unicode char U+0499 (decimal 1177)
   defining Unicode char U+049A (decimal 1178)
   defining Unicode char U+049B (decimal 1179)
   defining Unicode char U+049C (decimal 1180)
   defining Unicode char U+049D (decimal 1181)
   defining Unicode char U+04A0 (decimal 1184)
   defining Unicode char U+04A1 (decimal 1185)
   defining Unicode char U+04A2 (decimal 1186)
   defining Unicode char U+04A3 (decimal 1187)
   defining Unicode char U+04A4 (decimal 1188)
   defining Unicode char U+04A5 (decimal 1189)
   defining Unicode char U+04AA (decimal 1194)
   defining Unicode char U+04AB (decimal 1195)
   defining Unicode char U+04AE (decimal 1198)
   defining Unicode char U+04AF (decimal 1199)
   defining Unicode char U+04B0 (decimal 1200)
   defining Unicode char U+04B1 (decimal 1201)
   defining Unicode char U+04B2 (decimal 1202)
   defining Unicode char U+04B3 (decimal 1203)
   defining Unicode char U+04B6 (decimal 1206)
   defining Unicode char U+04B7 (decimal 1207)
   defining Unicode char U+04B8 (decimal 1208)
   defining Unicode char U+04B9 (decimal 1209)
   defining Unicode char U+04BA (decimal 1210)
   defining Unicode char U+04BB (decimal 1211)
   defining Unicode char U+04C0 (decimal 1216)
   defining Unicode char U+04C1 (decimal 1217)
   defining Unicode char U+04C2 (decimal 1218)
   defining Unicode char U+04D0 (decimal 1232)
   defining Unicode char U+04D1 (decimal 1233)
   defining Unicode char U+04D2 (decimal 1234)
   defining Unicode char U+04D3 (decimal 1235)
   defining Unicode char U+04D4 (decimal 1236)
   defining Unicode char U+04D5 (decimal 1237)
   defining Unicode char U+04D6 (decimal 1238)
   defining Unicode char U+04D7 (decimal 1239)
   defining Unicode char U+04D8 (decimal 1240)
   defining Unicode char U+04D9 (decimal 1241)
   defining Unicode char U+04DA (decimal 1242)
   defining Unicode char U+04DB (decimal 1243)
   defining Unicode char U+04DC (decimal 1244)
   defining Unicode char U+04DD (decimal 1245)
   defining Unicode char U+04DE (decimal 1246)
   defining Unicode char U+04DF (decimal 1247)
   defining Unicode char U+04E2 (decimal 1250)
   defining Unicode char U+04E3 (decimal 1251)
   defining Unicode char U+04E4 (decimal 1252)
   defining Unicode char U+04E5 (decimal 1253)
   defining Unicode char U+04E6 (decimal 1254)
   defining Unicode char U+04E7 (decimal 1255)
   defining Unicode char U+04E8 (decimal 1256)
   defining Unicode char U+04E9 (decimal 1257)
   defining Unicode char U+04EC (decimal 1260)
   defining Unicode char U+04ED (decimal 1261)
   defining Unicode char U+04EE (decimal 1262)
   defining Unicode char U+04EF (decimal 1263)
   defining Unicode char U+04F0 (decimal 1264)
   defining Unicode char U+04F1 (decimal 1265)
   defining Unicode char U+04F2 (decimal 1266)
   defining Unicode char U+04F3 (decimal 1267)
   defining Unicode char U+04F4 (decimal 1268)
   defining Unicode char U+04F5 (decimal 1269)
   defining Unicode char U+04F8 (decimal 1272)
   defining Unicode char U+04F9 (decimal 1273)
   defining Unicode char U+200C (decimal 8204)
   defining Unicode char U+2013 (decimal 8211)
   defining Unicode char U+2014 (decimal 8212)
   defining Unicode char U+2018 (decimal 8216)
   defining Unicode char U+2019 (decimal 8217)
   defining Unicode char U+201C (decimal 8220)
   defining Unicode char U+201D (decimal 8221)
   defining Unicode char U+201E (decimal 8222)
   defining Unicode char U+2030 (decimal 8240)
   defining Unicode char U+2031 (decimal 8241)
   defining Unicode char U+2116 (decimal 8470)
   defining Unicode char U+2329 (decimal 9001)
   defining Unicode char U+232A (decimal 9002)
   defining Unicode char U+2423 (decimal 9251)
)
\symT2Aletters=\mathgroup4
)
LaTeX Font Info:    Try loading font information for T2A+cmr on input line 105.


(/usr/local/texlive/2018/texmf-dist/tex/latex/cyrillic/t2acmr.fd
File: t2acmr.fd 2001/08/11 v1.0a Computer Modern Cyrillic font definitions
))
(/usr/local/texlive/2018/texmf-dist/tex/latex/base/inputenc.sty
Package: inputenc 2018/08/11 v1.3c Input encoding file
\inpenc@prehook=\toks14
\inpenc@posthook=\toks15

(/usr/local/texlive/2018/texmf-dist/tex/latex/cyrillic/cp1251.def
File: cp1251.def 2014/10/28 v1.0d Input encoding file
))
(/usr/local/texlive/2018/texmf-dist/tex/generic/babel/babel.sty
Package: babel 2018/11/13 3.27 The Babel package

(/usr/local/texlive/2018/texmf-dist/tex/generic/babel/switch.def
File: switch.def 2018/11/13 3.27 Babel switching mechanism
)
(/usr/local/texlive/2018/texmf-dist/tex/generic/babel-english/english.ldf
Language: english 2017/06/06 v3.3r English support from the babel system

(/usr/local/texlive/2018/texmf-dist/tex/generic/babel/babel.def
File: babel.def 2018/11/13 3.27 Babel common definitions
\babel@savecnt=\count93
\U@D=\dimen103

(/usr/local/texlive/2018/texmf-dist/tex/generic/babel/txtbabel.def)
\bbl@dirlevel=\count94
)
\l@canadian = a dialect from \language\l@american 
\l@australian = a dialect from \language\l@british 
\l@newzealand = a dialect from \language\l@british 
)
(/usr/local/texlive/2018/texmf-dist/tex/generic/babel-russian/russianb.ldf
Language: russian 2017/08/12 1.3j Russian support for the Babel system
Package babel Info: Making " an active character on input line 120.
Package babel Info: Default for \cyrdash is provided on input line 157.
))
(/usr/local/texlive/2018/texmf-dist/tex/latex/geometry/geometry.sty
Package: geometry 2018/04/16 v5.8 Page Geometry

(/usr/local/texlive/2018/texmf-dist/tex/latex/graphics/keyval.sty
Package: keyval 2014/10/28 v1.15 key=value parser (DPC)
\KV@toks@=\toks16
)
(/usr/local/texlive/2018/texmf-dist/tex/generic/oberdiek/ifvtex.sty
Package: ifvtex 2016/05/16 v1.6 Detect VTeX and its facilities (HO)
Package ifvtex Info: VTeX not detected.
)
(/usr/local/texlive/2018/texmf-dist/tex/generic/ifxetex/ifxetex.sty
Package: ifxetex 2010/09/12 v0.6 Provides ifxetex conditional
)
\Gm@cnth=\count95
\Gm@cntv=\count96
\c@Gm@tempcnt=\count97
\Gm@bindingoffset=\dimen104
\Gm@wd@mp=\dimen105
\Gm@odd@mp=\dimen106
\Gm@even@mp=\dimen107
\Gm@layoutwidth=\dimen108
\Gm@layoutheight=\dimen109
\Gm@layouthoffset=\dimen110
\Gm@layoutvoffset=\dimen111
\Gm@dimlist=\toks17
)
(/usr/local/texlive/2018/texmf-dist/tex/latex/graphics/graphicx.sty
Package: graphicx 2017/06/01 v1.1a Enhanced LaTeX Graphics (DPC,SPQR)

(/usr/local/texlive/2018/texmf-dist/tex/latex/graphics/graphics.sty
Package: graphics 2017/06/25 v1.2c Standard LaTeX Graphics (DPC,SPQR)

(/usr/local/texlive/2018/texmf-dist/tex/latex/graphics/trig.sty
Package: trig 2016/01/03 v1.10 sin cos tan (DPC)
)
(/usr/local/texlive/2018/texmf-dist/tex/latex/graphics-cfg/graphics.cfg
File: graphics.cfg 2016/06/04 v1.11 sample graphics configuration
)
Package graphics Info: Driver file: pdftex.def on input line 99.

(/usr/local/texlive/2018/texmf-dist/tex/latex/graphics-def/pdftex.def
File: pdftex.def 2018/01/08 v1.0l Graphics/color driver for pdftex
))
\Gin@req@height=\dimen112
\Gin@req@width=\dimen113
)
(/usr/local/texlive/2018/texmf-dist/tex/latex/float/float.sty
Package: float 2001/11/08 v1.3d Float enhancements (AL)
\c@float@type=\count98
\float@exts=\toks18
\float@box=\box27
\@float@everytoks=\toks19
\@floatcapt=\box28
)
(/usr/local/texlive/2018/texmf-dist/tex/latex/amsfonts/amsfonts.sty
Package: amsfonts 2013/01/14 v3.01 Basic AMSFonts support
\@emptytoks=\toks20
\symAMSa=\mathgroup5
\symAMSb=\mathgroup6
LaTeX Font Info:    Overwriting math alphabet `\mathfrak' in version `bold'
(Font)                  U/euf/m/n --> U/euf/b/n on input line 106.
)
(/usr/local/texlive/2018/texmf-dist/tex/latex/amsfonts/amssymb.sty
Package: amssymb 2013/01/14 v3.01 AMS font symbols
)
(/usr/local/texlive/2018/texmf-dist/tex/latex/amsmath/amscd.sty
Package: amscd 2017/04/14 v2.1 AMS Commutative Diagrams

(/usr/local/texlive/2018/texmf-dist/tex/latex/amsmath/amsgen.sty
File: amsgen.sty 1999/11/30 v2.0 generic functions
\@emptytoks=\toks21
\ex@=\dimen114
)
\athelp@=\toks22
\minaw@=\dimen115
\bigaw@=\dimen116
\minCDarrowwidth=\dimen117
)
(/usr/local/texlive/2018/texmf-dist/tex/latex/amsmath/amsmath.sty
Package: amsmath 2018/12/01 v2.17b AMS math features
\@mathmargin=\skip52

For additional information on amsmath, use the `?' option.
(/usr/local/texlive/2018/texmf-dist/tex/latex/amsmath/amstext.sty
Package: amstext 2000/06/29 v2.01 AMS text
)
(/usr/local/texlive/2018/texmf-dist/tex/latex/amsmath/amsbsy.sty
Package: amsbsy 1999/11/29 v1.2d Bold Symbols
\pmbraise@=\dimen118
)
(/usr/local/texlive/2018/texmf-dist/tex/latex/amsmath/amsopn.sty
Package: amsopn 2016/03/08 v2.02 operator names
)
\inf@bad=\count99
LaTeX Info: Redefining \frac on input line 223.
\uproot@=\count100
\leftroot@=\count101
LaTeX Info: Redefining \overline on input line 385.
\classnum@=\count102
\DOTSCASE@=\count103
LaTeX Info: Redefining \ldots on input line 482.
LaTeX Info: Redefining \dots on input line 485.
LaTeX Info: Redefining \cdots on input line 606.
\Mathstrutbox@=\box29
\strutbox@=\box30
\big@size=\dimen119
LaTeX Font Info:    Redeclaring font encoding OML on input line 729.
\symOMLletters=\mathgroup7
LaTeX Font Info:    Redeclaring font encoding OMS on input line 730.
\symOMSletters=\mathgroup8
\macc@depth=\count104
\c@MaxMatrixCols=\count105
\dotsspace@=\muskip10
\c@parentequation=\count106
\dspbrk@lvl=\count107
\tag@help=\toks23
\row@=\count108
\column@=\count109
\maxfields@=\count110
\andhelp@=\toks24
\eqnshift@=\dimen120
\alignsep@=\dimen121
\tagshift@=\dimen122
\tagwidth@=\dimen123
\totwidth@=\dimen124
\lineht@=\dimen125
\@envbody=\toks25
\multlinegap=\skip53
\multlinetaggap=\skip54
\mathdisplay@stack=\toks26
LaTeX Info: Redefining \[ on input line 2844.
LaTeX Info: Redefining \] on input line 2845.
)
(/usr/local/texlive/2018/texmf-dist/tex/latex/amscls/amsthm.sty
Package: amsthm 2017/10/31 v2.20.4
\thm@style=\toks27
\thm@bodyfont=\toks28
\thm@headfont=\toks29
\thm@notefont=\toks30
\thm@headpunct=\toks31
\thm@preskip=\skip55
\thm@postskip=\skip56
\thm@headsep=\skip57
\dth@everypar=\toks32
)
(/usr/local/texlive/2018/texmf-dist/tex/latex/jknapltx/mathrsfs.sty
Package: mathrsfs 1996/01/01 Math RSFS package v1.0 (jk)
\symrsfs=\mathgroup9
)
(/usr/local/texlive/2018/texmf-dist/tex/generic/epsf/epsf.sty
This is `epsf.tex' v2.7.4 <14 February 2011>
\epsffilein=\read1
\epsfframemargin=\dimen126
\epsfframethickness=\dimen127
\epsfrsize=\dimen128
\epsftmp=\dimen129
\epsftsize=\dimen130
\epsfxsize=\dimen131
\epsfysize=\dimen132
\pspoints=\dimen133
) (/usr/local/texlive/2018/texmf-dist/tex/latex/wrapfig/wrapfig.sty
\wrapoverhang=\dimen134
\WF@size=\dimen135
\c@WF@wrappedlines=\count111
\WF@box=\box31
\WF@everypar=\toks33
Package: wrapfig 2003/01/31  v 3.6
)
(/usr/local/texlive/2018/texmf-dist/tex/latex/cite/cite.sty
LaTeX Info: Redefining \cite on input line 302.
LaTeX Info: Redefining \nocite on input line 332.
Package: cite 2015/02/27  v 5.5
) (./amsbib.sty
\@@Read=\read2
\@@Write=\write3
\c@aux@counter=\count112

(/usr/local/texlive/2018/texmf-dist/tex/latex/graphics/color.sty
Package: color 2016/07/10 v1.1e Standard LaTeX Color (DPC)

(/usr/local/texlive/2018/texmf-dist/tex/latex/graphics-cfg/color.cfg
File: color.cfg 2016/01/02 v1.6 sample color configuration
)
Package color Info: Driver file: pdftex.def on input line 147.
)
\translbox@=\box32
\holdoverbox=\box33
\bybox@=\box34
\withbox@=\box35
\paperbox@=\box36
\paperinfobox@=\box37
\jourbox@=\box38
\issuebox@=\box39
\yrbox@=\box40
\pagesbox@=\box41
\edbox@=\box42
\bookbox@=\box43
\publbox@=\box44
\publaddrbox@=\box45
\procinfobox@=\box46
\miscnotebox@=\box47
\langbox@=\box48
\volbox@=\box49
\bookinfobox@=\box50
\serialbox@=\box51
\misc@box@=\box52
\defaulthelp@=\toks34
\isbnbox@=\box53
\paperidbox@=\box54
\totalpagesbox@=\box55
\finalbookinfobox@=\box56
\volinfobox@=\box57
\issueinfobox@=\box58
\serissuebox@=\box59
\elinkbox@=\box60
\arxivbox@=\box61
\publlbox@=\box62
\publaddrrbox@=\box63
\publllbox@=\box64
\publaddrrrbox@=\box65
\byybox@=\box66
\monthissuebox@=\box67
\journalnamebox@=\box68
\frombox@=\box69
\issnbox@=\box70
\bibIDbox@=\box71
\ptypebox@=\box72
\editionbox@=\box73
\procbox@=\box74
\bookvolbox@=\box75
\voltitlebox@=\box76
\finalinfobox@=\box77
\@@finalinfobox@=\box78

(/usr/local/texlive/2018/texmf-dist/tex/latex/hyperref/hyperref.sty
Package: hyperref 2018/11/30 v6.88e Hypertext links for LaTeX

(/usr/local/texlive/2018/texmf-dist/tex/generic/oberdiek/hobsub-hyperref.sty
Package: hobsub-hyperref 2016/05/16 v1.14 Bundle oberdiek, subset hyperref (HO)


(/usr/local/texlive/2018/texmf-dist/tex/generic/oberdiek/hobsub-generic.sty
Package: hobsub-generic 2016/05/16 v1.14 Bundle oberdiek, subset generic (HO)
Package: hobsub 2016/05/16 v1.14 Construct package bundles (HO)
Package: infwarerr 2016/05/16 v1.4 Providing info/warning/error messages (HO)
Package: ltxcmds 2016/05/16 v1.23 LaTeX kernel commands for general use (HO)
Package: ifluatex 2016/05/16 v1.4 Provides the ifluatex switch (HO)
Package ifluatex Info: LuaTeX not detected.
Package hobsub Info: Skipping package `ifvtex' (already loaded).
Package: intcalc 2016/05/16 v1.2 Expandable calculations with integers (HO)
Package hobsub Info: Skipping package `ifpdf' (already loaded).
Package: etexcmds 2016/05/16 v1.6 Avoid name clashes with e-TeX commands (HO)
Package etexcmds Info: Could not find \expanded.
(etexcmds)             That can mean that you are not using pdfTeX 1.50 or
(etexcmds)             that some package has redefined \expanded.
(etexcmds)             In the latter case, load this package earlier.
Package: kvsetkeys 2016/05/16 v1.17 Key value parser (HO)
Package: kvdefinekeys 2016/05/16 v1.4 Define keys (HO)
Package: pdftexcmds 2018/09/10 v0.29 Utility functions of pdfTeX for LuaTeX (HO
)
Package pdftexcmds Info: LuaTeX not detected.
Package pdftexcmds Info: \pdf@primitive is available.
Package pdftexcmds Info: \pdf@ifprimitive is available.
Package pdftexcmds Info: \pdfdraftmode found.
Package: pdfescape 2016/05/16 v1.14 Implements pdfTeX's escape features (HO)
Package: bigintcalc 2016/05/16 v1.4 Expandable calculations on big integers (HO
)
Package: bitset 2016/05/16 v1.2 Handle bit-vector datatype (HO)
Package: uniquecounter 2016/05/16 v1.3 Provide unlimited unique counter (HO)
)
Package hobsub Info: Skipping package `hobsub' (already loaded).
Package: letltxmacro 2016/05/16 v1.5 Let assignment for LaTeX macros (HO)
Package: hopatch 2016/05/16 v1.3 Wrapper for package hooks (HO)
Package: xcolor-patch 2016/05/16 xcolor patch
Package: atveryend 2016/05/16 v1.9 Hooks at the very end of document (HO)
Package atveryend Info: \enddocument detected (standard20110627).
Package: atbegshi 2016/06/09 v1.18 At begin shipout hook (HO)
Package: refcount 2016/05/16 v3.5 Data extraction from label references (HO)
Package: hycolor 2016/05/16 v1.8 Color options for hyperref/bookmark (HO)
)
(/usr/local/texlive/2018/texmf-dist/tex/latex/oberdiek/auxhook.sty
Package: auxhook 2016/05/16 v1.4 Hooks for auxiliary files (HO)
)
(/usr/local/texlive/2018/texmf-dist/tex/latex/oberdiek/kvoptions.sty
Package: kvoptions 2016/05/16 v3.12 Key value format for package options (HO)
)
\@linkdim=\dimen136
\Hy@linkcounter=\count113
\Hy@pagecounter=\count114

(/usr/local/texlive/2018/texmf-dist/tex/latex/hyperref/pd1enc.def
File: pd1enc.def 2018/11/30 v6.88e Hyperref: PDFDocEncoding definition (HO)
Now handling font encoding PD1 ...
... no UTF-8 mapping file for font encoding PD1
\symPD1letters=\mathgroup10
)
\Hy@SavedSpaceFactor=\count115
Package hyperref Info: Option `unicode' set `true' on input line 3475.

(/usr/local/texlive/2018/texmf-dist/tex/latex/hyperref/puenc.def
File: puenc.def 2018/11/30 v6.88e Hyperref: PDF Unicode definition (HO)
Now handling font encoding PU ...
... no UTF-8 mapping file for font encoding PU
\symPUletters=\mathgroup11
)
(/usr/local/texlive/2018/texmf-dist/tex/latex/latexconfig/hyperref.cfg
File: hyperref.cfg 2002/06/06 v1.2 hyperref configuration of TeXLive
)
Package hyperref Info: Option `unicode' set `true' on input line 4393.
Package hyperref Info: Hyper figures OFF on input line 4519.
Package hyperref Info: Link nesting OFF on input line 4524.
Package hyperref Info: Hyper index ON on input line 4527.
Package hyperref Info: Plain pages OFF on input line 4534.
Package hyperref Info: Backreferencing OFF on input line 4539.
Package hyperref Info: Implicit mode ON; LaTeX internals redefined.
Package hyperref Info: Bookmarks ON on input line 4772.
LaTeX Info: Redefining \href on input line 5036.
\c@Hy@tempcnt=\count116

(/usr/local/texlive/2018/texmf-dist/tex/latex/url/url.sty
\Urlmuskip=\muskip11
Package: url 2013/09/16  ver 3.4  Verb mode for urls, etc.
)
LaTeX Info: Redefining \url on input line 5125.
\XeTeXLinkMargin=\dimen137
\Fld@menulength=\count117
\Field@Width=\dimen138
\Fld@charsize=\dimen139
Package hyperref Info: Hyper figures OFF on input line 6380.
Package hyperref Info: Link nesting OFF on input line 6385.
Package hyperref Info: Hyper index ON on input line 6388.
Package hyperref Info: backreferencing OFF on input line 6395.
Package hyperref Info: Link coloring OFF on input line 6400.
Package hyperref Info: Link coloring with OCG OFF on input line 6405.
Package hyperref Info: PDF/A mode OFF on input line 6410.
LaTeX Info: Redefining \ref on input line 6450.
LaTeX Info: Redefining \pageref on input line 6454.
\Hy@abspage=\count118
\c@Item=\count119
\c@Hfootnote=\count120
)
Package hyperref Info: Driver (autodetected): hpdftex.

(/usr/local/texlive/2018/texmf-dist/tex/latex/hyperref/hpdftex.def
File: hpdftex.def 2018/11/30 v6.88e Hyperref driver for pdfTeX
\Fld@listcount=\count121
\c@bookmark@seq@number=\count122

(/usr/local/texlive/2018/texmf-dist/tex/latex/oberdiek/rerunfilecheck.sty
Package: rerunfilecheck 2016/05/16 v1.8 Rerun checks for auxiliary files (HO)
Package uniquecounter Info: New unique counter `rerunfilecheck' on input line 2
82.
)
\Hy@SectionHShift=\skip58
)
Package hyperref Info: Option `colorlinks' set `true' on input line 605.


Package hyperref Warning: Values of option `pdfpagemode':
(hyperref)                * `UseNone'
(hyperref)                * `UseOutlines'
(hyperref)                * `UseThumbs'
(hyperref)                * `FullScreen'
(hyperref)                * `UseOC' (PDF 1.5)
(hyperref)                * `UseAttachments' (PDF 1.6)
(hyperref)                * An empty value disables the option.
(hyperref)                Unknown value `None' on input line 605.

)
\c@theor=\count123
\c@lemma=\count124
\c@dfn=\count125
 (./РљСѓСЂСЃРѕРІР°СЏ_СЂР°Р±РѕС‚Р°_РџРµС…С‚РµСЂРµРІ_Р”РµРЅРёСЃ_v2.aux)
\openout1 = `РљСѓСЂСЃРѕРІР°СЏ_СЂР°Р±РѕС‚Р°_РџРµС…С‚РµСЂРµРІ_Р”РµРЅРёСЃ_v2.aux'.

LaTeX Font Info:    Checking defaults for OML/cmm/m/it on input line 64.
LaTeX Font Info:    ... okay on input line 64.
LaTeX Font Info:    Checking defaults for T1/cmr/m/n on input line 64.
LaTeX Font Info:    ... okay on input line 64.
LaTeX Font Info:    Checking defaults for OT1/cmr/m/n on input line 64.
LaTeX Font Info:    ... okay on input line 64.
LaTeX Font Info:    Checking defaults for OMS/cmsy/m/n on input line 64.
LaTeX Font Info:    ... okay on input line 64.
LaTeX Font Info:    Checking defaults for OMX/cmex/m/n on input line 64.
LaTeX Font Info:    ... okay on input line 64.
LaTeX Font Info:    Checking defaults for U/cmr/m/n on input line 64.
LaTeX Font Info:    ... okay on input line 64.
LaTeX Font Info:    Checking defaults for T2A/cmr/m/n on input line 64.
LaTeX Font Info:    ... okay on input line 64.
LaTeX Font Info:    Checking defaults for PD1/pdf/m/n on input line 64.
LaTeX Font Info:    ... okay on input line 64.
LaTeX Font Info:    Checking defaults for PU/pdf/m/n on input line 64.
LaTeX Font Info:    ... okay on input line 64.

*geometry* driver: auto-detecting
*geometry* detected driver: pdftex
*geometry* verbose mode - [ preamble ] result:
* driver: pdftex
* paper: a4paper
* layout: <same size as paper>
* layoutoffset:(h,v)=(0.0pt,0.0pt)
* modes: twoside 
* h-part:(L,W,R)=(62.59596pt, 449.55365pt, 85.35826pt)
* v-part:(T,H,B)=(88.2037pt, 671.48488pt, 85.35826pt)
* \paperwidth=597.50787pt
* \paperheight=845.04684pt
* \textwidth=449.55365pt
* \textheight=671.48488pt
* \oddsidemargin=-9.67403pt
* \evensidemargin=13.08827pt
* \topmargin=-25.56628pt
* \headheight=26.5pt
* \headsep=15.0pt
* \topskip=12.0pt
* \footskip=30.0pt
* \marginparwidth=95.0pt
* \marginparsep=10.0pt
* \columnsep=10.0pt
* \skip\footins=10.8pt plus 4.0pt minus 2.0pt
* \hoffset=0.0pt
* \voffset=0.0pt
* \mag=1000
* \@twocolumnfalse
* \@twosidetrue
* \@mparswitchtrue
* \@reversemarginfalse
* (1in=72.27pt=25.4mm, 1cm=28.453pt)

(/usr/local/texlive/2018/texmf-dist/tex/context/base/mkii/supp-pdf.mkii
[Loading MPS to PDF converter (version 2006.09.02).]
\scratchcounter=\count126
\scratchdimen=\dimen140
\scratchbox=\box79
\nofMPsegments=\count127
\nofMParguments=\count128
\everyMPshowfont=\toks35
\MPscratchCnt=\count129
\MPscratchDim=\dimen141
\MPnumerator=\count130
\makeMPintoPDFobject=\count131
\everyMPtoPDFconversion=\toks36
) (/usr/local/texlive/2018/texmf-dist/tex/latex/oberdiek/epstopdf-base.sty
Package: epstopdf-base 2016/05/15 v2.6 Base part for package epstopdf

(/usr/local/texlive/2018/texmf-dist/tex/latex/oberdiek/grfext.sty
Package: grfext 2016/05/16 v1.2 Manage graphics extensions (HO)
)
Package epstopdf-base Info: Redefining graphics rule for `.eps' on input line 4
38.
Package grfext Info: Graphics extension search list:
(grfext)             [.pdf,.png,.jpg,.mps,.jpeg,.jbig2,.jb2,.PDF,.PNG,.JPG,.JPE
G,.JBIG2,.JB2,.eps]
(grfext)             \AppendGraphicsExtensions on input line 456.

(/usr/local/texlive/2018/texmf-dist/tex/latex/latexconfig/epstopdf-sys.cfg
File: epstopdf-sys.cfg 2010/07/13 v1.3 Configuration of (r)epstopdf for TeX Liv
e
))
\AtBeginShipoutBox=\box80
Package hyperref Info: Link coloring ON on input line 64.

(/usr/local/texlive/2018/texmf-dist/tex/latex/hyperref/nameref.sty
Package: nameref 2016/05/21 v2.44 Cross-referencing by name of section

(/usr/local/texlive/2018/texmf-dist/tex/generic/oberdiek/gettitlestring.sty
Package: gettitlestring 2016/05/16 v1.5 Cleanup title references (HO)
)
\c@section@level=\count132
)
LaTeX Info: Redefining \ref on input line 64.
LaTeX Info: Redefining \pageref on input line 64.
LaTeX Info: Redefining \nameref on input line 64.

(./РљСѓСЂСЃРѕРІР°СЏ_СЂР°Р±РѕС‚Р°_РџРµС…С‚РµСЂРµРІ_Р”РµРЅРёСЃ_v2.out)
(./РљСѓСЂСЃРѕРІР°СЏ_СЂР°Р±РѕС‚Р°_РџРµС…С‚РµСЂРµРІ_Р”РµРЅРёСЃ_v2.out)
\@outlinefile=\write4
\openout4 = `РљСѓСЂСЃРѕРІР°СЏ_СЂР°Р±РѕС‚Р°_РџРµС…С‚РµСЂРµРІ_Р”РµРЅРёСЃ_v2.out'.


Runaway argument?
./РљСѓСЂСЃРѕРІР°СЏ_СЂР°Р±РѕС‚Р°_РџРµС…С‚РµСЂРµРІ_Р”РµРЅРёСЃ_v2.tex:68: Paragrap
h ended before \abstract was complete.
<to be read again> 
                   \par 
l.68 
     
? s
OK, entering \scrollmode...
[1{/usr/local/texlive/2018/texmf-var/fonts/map/pdftex/updmap/pdftex.map}

]
LaTeX Font Info:    Try loading font information for OMS+cmr on input line 109.


(/usr/local/texlive/2018/texmf-dist/tex/latex/base/omscmr.fd
File: omscmr.fd 2014/09/29 v2.5h Standard LaTeX font definitions
)
LaTeX Font Info:    Font shape `OMS/cmr/m/n' in size <12> not available
(Font)              Font shape `OMS/cmsy/m/n' tried instead on input line 109.
LaTeX Font Info:    Try loading font information for U+msa on input line 135.

(/usr/local/texlive/2018/texmf-dist/tex/latex/amsfonts/umsa.fd
File: umsa.fd 2013/01/14 v3.01 AMS symbols A
)
LaTeX Font Info:    Try loading font information for U+msb on input line 135.

(/usr/local/texlive/2018/texmf-dist/tex/latex/amsfonts/umsb.fd
File: umsb.fd 2013/01/14 v3.01 AMS symbols B
)
LaTeX Font Info:    Try loading font information for OML+cmr on input line 135.


(/usr/local/texlive/2018/texmf-dist/tex/latex/base/omlcmr.fd
File: omlcmr.fd 2014/09/29 v2.5h Standard LaTeX font definitions
)
LaTeX Font Info:    Font shape `OML/cmr/m/n' in size <12> not available
(Font)              Font shape `OML/cmm/m/it' tried instead on input line 135.
LaTeX Font Info:    Font shape `OML/cmr/m/n' in size <8> not available
(Font)              Font shape `OML/cmm/m/it' tried instead on input line 135.
LaTeX Font Info:    Font shape `OML/cmr/m/n' in size <6> not available
(Font)              Font shape `OML/cmm/m/it' tried instead on input line 135.
LaTeX Font Info:    Font shape `OMS/cmr/m/n' in size <8> not available
(Font)              Font shape `OMS/cmsy/m/n' tried instead on input line 135.
LaTeX Font Info:    Font shape `OMS/cmr/m/n' in size <6> not available
(Font)              Font shape `OMS/cmsy/m/n' tried instead on input line 135.
LaTeX Font Info:    Try loading font information for U+rsfs on input line 135.

(/usr/local/texlive/2018/texmf-dist/tex/latex/jknapltx/ursfs.fd
File: ursfs.fd 1998/03/24 rsfs font definition file (jk)
)
LaTeX Font Info:    Try loading font information for PD1+cmr on input line 135.

LaTeX Font Info:    No file PD1cmr.fd. on input line 135.


LaTeX Font Warning: Font shape `PD1/cmr/m/n' undefined
(Font)              using `PD1/pdf/m/n' instead on input line 135.

LaTeX Font Info:    Try loading font information for PU+cmr on input line 135.
LaTeX Font Info:    No file PUcmr.fd. on input line 135.

LaTeX Font Warning: Font shape `PU/cmr/m/n' undefined
(Font)              using `PU/pdf/m/n' instead on input line 135.

LaTeX Font Info:    Font shape `OML/cmr/m/n' in size <10> not available
(Font)              Font shape `OML/cmm/m/it' tried instead on input line 135.
LaTeX Font Info:    Font shape `OML/cmr/m/n' in size <7> not available
(Font)              Font shape `OML/cmm/m/it' tried instead on input line 135.
LaTeX Font Info:    Font shape `OML/cmr/m/n' in size <5> not available
(Font)              Font shape `OML/cmm/m/it' tried instead on input line 135.
LaTeX Font Info:    Font shape `OMS/cmr/m/n' in size <10> not available
(Font)              Font shape `OMS/cmsy/m/n' tried instead on input line 135.
LaTeX Font Info:    Font shape `OMS/cmr/m/n' in size <7> not available
(Font)              Font shape `OMS/cmsy/m/n' tried instead on input line 135.
LaTeX Font Info:    Font shape `OMS/cmr/m/n' in size <5> not available
(Font)              Font shape `OMS/cmsy/m/n' tried instead on input line 135.
[2]
<methods.jpg, id=112, 904.37875pt x 487.8225pt>

./РљСѓСЂСЃРѕРІР°СЏ_СЂР°Р±РѕС‚Р°_РџРµС…С‚РµСЂРµРІ_Р”РµРЅРёСЃ_v2.tex:161: Illegal
 unit of measure (pt inserted).
<to be read again> 
                   \relax 
l.161 	\includegraphics[width=450]{methods.jpg}
                                               
Dimensions can be in units of em, ex, in, pt, pc,
cm, mm, dd, cc, nd, nc, bp, or sp; but yours is a new one!
I'll assume that you meant to say pt, for printer's points.
To recover gracefully from this error, it's best to
delete the erroneous units; e.g., type `2' to delete
two letters. (See Chapter 27 of The TeXbook.)

./РљСѓСЂСЃРѕРІР°СЏ_СЂР°Р±РѕС‚Р°_РџРµС…С‚РµСЂРµРІ_Р”РµРЅРёСЃ_v2.tex:161: Illegal
 unit of measure (pt inserted).
<to be read again> 
                   \relax 
l.161 	\includegraphics[width=450]{methods.jpg}
                                               
Dimensions can be in units of em, ex, in, pt, pc,
cm, mm, dd, cc, nd, nc, bp, or sp; but yours is a new one!
I'll assume that you meant to say pt, for printer's points.
To recover gracefully from this error, it's best to
delete the erroneous units; e.g., type `2' to delete
two letters. (See Chapter 27 of The TeXbook.)

File: methods.jpg Graphic file (type jpg)
<use methods.jpg>
Package pdftex.def Info: methods.jpg  used on input line 161.
(pdftex.def)             Requested size: 450.0pt x 242.72711pt.
[3] [4 <./methods.jpg>]
Overfull \hbox (18.53693pt too wide) in paragraph at lines 200--201
[]\T2A/cmr/m/n/12 Авторы в [[][]7[][]] про-во-дят ана-лиз то-наль-но-сти тек-ст
а (по-ло-жи-тель-ный/отрицательный),
 []

[5] [6]
Overfull \hbox (36.29349pt too wide) in paragraph at lines 286--287
\T2A/cmr/m/n/12 тов в кол-лек-ции $\OMS/cmsy/m/n/12 j\OML/cmm/m/it/12 D\OMS/cms
y/m/n/12 j$ \T2A/cmr/m/n/12 к чис-лу до-ку-мен-тов, где при-сут-ству-ет дан-ное
 сло-во $\OMS/cmsy/m/n/12 j[]j$
 []

[7]
Overfull \hbox (4.99864pt too wide) in paragraph at lines 301--301
[]\T2A/cmr/bx/n/14.4 Формальная по-ста-нов-ка за-да-чи обу-че-ния ли-ней-но-го 
клас-
 []

./РљСѓСЂСЃРѕРІР°СЏ_СЂР°Р±РѕС‚Р°_РџРµС…С‚РµСЂРµРІ_Р”РµРЅРёСЃ_v2.tex:306: Double 
subscript.
l.306 $a(x,w) = sign(\sum^n_j_
                              =_1 w_j*f_j(x) - w_0) = sign\langle x,w \rangle$,
I treat `x_1_2' essentially like `x_1{}_2'.

./РљСѓСЂСЃРѕРІР°СЏ_СЂР°Р±РѕС‚Р°_РџРµС…С‚РµСЂРµРІ_Р”РµРЅРёСЃ_v2.tex:306: Double 
subscript.
l.306 $a(x,w) = sign(\sum^n_j_=_
                                1 w_j*f_j(x) - w_0) = sign\langle x,w \rangle$,
I treat `x_1_2' essentially like `x_1{}_2'.

./РљСѓСЂСЃРѕРІР°СЏ_СЂР°Р±РѕС‚Р°_РџРµС…С‚РµСЂРµРІ_Р”РµРЅРёСЃ_v2.tex:321: Double 
subscript.
l.321 $Q(w) = \sum_i_
                     =_1 {ln(1+exp(-y_i*\langle x_i,w \rangle))} \rightarrow...
I treat `x_1_2' essentially like `x_1{}_2'.

./РљСѓСЂСЃРѕРІР°СЏ_СЂР°Р±РѕС‚Р°_РџРµС…С‚РµСЂРµРІ_Р”РµРЅРёСЃ_v2.tex:321: Double 
subscript.
l.321 $Q(w) = \sum_i_=_
                       1 {ln(1+exp(-y_i*\langle x_i,w \rangle))} \rightarrow...
I treat `x_1_2' essentially like `x_1{}_2'.

[8] [9] [10]
Overfull \hbox (17.21375pt too wide) in paragraph at lines 442--443
[]\T2A/cmr/m/n/12 Итак, об-ра-бо-тав от-зы-вы в фор-ма-те json и пе-ре-ве-дя их
 в фор-мат pandas[][][][][] - DataFrame,
 []


./РљСѓСЂСЃРѕРІР°СЏ_СЂР°Р±РѕС‚Р°_РџРµС…С‚РµСЂРµРІ_Р”РµРЅРёСЃ_v2.tex:456: LaTeX E
rror: \caption outside float.

See the LaTeX manual or LaTeX Companion for explanation.
Type  H <return>  for immediate help.
 ...                                              
                                                  
l.456 \caption
              {Количество отзывов по классам тональности }
You're in trouble here.  Try typing  <return>  to proceed.
If that doesn't work, type  X <return>  to quit.


./РљСѓСЂСЃРѕРІР°СЏ_СЂР°Р±РѕС‚Р°_РџРµС…С‚РµСЂРµРІ_Р”РµРЅРёСЃ_v2.tex:458: LaTeX E
rror: Illegal character in array arg.

See the LaTeX manual or LaTeX Companion for explanation.
Type  H <return>  for immediate help.
 ...                                              
                                                  
l.458 $\begin{tabular}{c|f|f|ff|}
                                 
You're in trouble here.  Try typing  <return>  to proceed.
If that doesn't work, type  X <return>  to quit.


./РљСѓСЂСЃРѕРІР°СЏ_СЂР°Р±РѕС‚Р°_РџРµС…С‚РµСЂРµРІ_Р”РµРЅРёСЃ_v2.tex:458: LaTeX E
rror: Illegal character in array arg.

See the LaTeX manual or LaTeX Companion for explanation.
Type  H <return>  for immediate help.
 ...                                              
                                                  
l.458 $\begin{tabular}{c|f|f|ff|}
                                 
You're in trouble here.  Try typing  <return>  to proceed.
If that doesn't work, type  X <return>  to quit.


./РљСѓСЂСЃРѕРІР°СЏ_СЂР°Р±РѕС‚Р°_РџРµС…С‚РµСЂРµРІ_Р”РµРЅРёСЃ_v2.tex:458: LaTeX E
rror: Illegal character in array arg.

See the LaTeX manual or LaTeX Companion for explanation.
Type  H <return>  for immediate help.
 ...                                              
                                                  
l.458 $\begin{tabular}{c|f|f|ff|}
                                 
You're in trouble here.  Try typing  <return>  to proceed.
If that doesn't work, type  X <return>  to quit.


./РљСѓСЂСЃРѕРІР°СЏ_СЂР°Р±РѕС‚Р°_РџРµС…С‚РµСЂРµРІ_Р”РµРЅРёСЃ_v2.tex:458: LaTeX E
rror: Illegal character in array arg.

See the LaTeX manual or LaTeX Companion for explanation.
Type  H <return>  for immediate help.
 ...                                              
                                                  
l.458 $\begin{tabular}{c|f|f|ff|}
                                 
You're in trouble here.  Try typing  <return>  to proceed.
If that doesn't work, type  X <return>  to quit.


Overfull \hbox (8.60866pt too wide) in paragraph at lines 458--472
[]$[]$ 
 []

[11]
No file РљСѓСЂСЃРѕРІР°СЏ_СЂР°Р±РѕС‚Р°_РџРµС…С‚РµСЂРµРІ_Р”РµРЅРёСЃ_v2.bbl.
[12]

./РљСѓСЂСЃРѕРІР°СЏ_СЂР°Р±РѕС‚Р°_РџРµС…С‚РµСЂРµРІ_Р”РµРЅРёСЃ_v2.tex:633: LaTeX E
rror: Command \cyru unavailable in encoding OT1.

See the LaTeX manual or LaTeX Companion for explanation.
Type  H <return>  for immediate help.
 ...                                              
                                                  
l.633 \by у
           знать как сайты оформлять
Your command was ignored.
Type  I <command> <return>  to replace it with another command,
or  <return>  to continue without it.


./РљСѓСЂСЃРѕРІР°СЏ_СЂР°Р±РѕС‚Р°_РџРµС…С‚РµСЂРµРІ_Р”РµРЅРёСЃ_v2.tex:633: LaTeX E
rror: Command \cyrz unavailable in encoding OT1.

See the LaTeX manual or LaTeX Companion for explanation.
Type  H <return>  for immediate help.
 ...                                              
                                                  
l.633 \by уз
            нать как сайты оформлять
Your command was ignored.
Type  I <command> <return>  to replace it with another command,
or  <return>  to continue without it.


./РљСѓСЂСЃРѕРІР°СЏ_СЂР°Р±РѕС‚Р°_РџРµС…С‚РµСЂРµРІ_Р”РµРЅРёСЃ_v2.tex:633: LaTeX E
rror: Command \cyrn unavailable in encoding OT1.

See the LaTeX manual or LaTeX Companion for explanation.
Type  H <return>  for immediate help.
 ...                                              
                                                  
l.633 \by узн
             ать как сайты оформлять
Your command was ignored.
Type  I <command> <return>  to replace it with another command,
or  <return>  to continue without it.


./РљСѓСЂСЃРѕРІР°СЏ_СЂР°Р±РѕС‚Р°_РџРµС…С‚РµСЂРµРІ_Р”РµРЅРёСЃ_v2.tex:633: LaTeX E
rror: Command \cyra unavailable in encoding OT1.

See the LaTeX manual or LaTeX Companion for explanation.
Type  H <return>  for immediate help.
 ...                                              
                                                  
l.633 \by узна
              ть как сайты оформлять
Your command was ignored.
Type  I <command> <return>  to replace it with another command,
or  <return>  to continue without it.


./РљСѓСЂСЃРѕРІР°СЏ_СЂР°Р±РѕС‚Р°_РџРµС…С‚РµСЂРµРІ_Р”РµРЅРёСЃ_v2.tex:633: LaTeX E
rror: Command \cyrt unavailable in encoding OT1.

See the LaTeX manual or LaTeX Companion for explanation.
Type  H <return>  for immediate help.
 ...                                              
                                                  
l.633 \by узнат
               ь как сайты оформлять
Your command was ignored.
Type  I <command> <return>  to replace it with another command,
or  <return>  to continue without it.


./РљСѓСЂСЃРѕРІР°СЏ_СЂР°Р±РѕС‚Р°_РџРµС…С‚РµСЂРµРІ_Р”РµРЅРёСЃ_v2.tex:633: LaTeX E
rror: Command \cyrsftsn unavailable in encoding OT1.

See the LaTeX manual or LaTeX Companion for explanation.
Type  H <return>  for immediate help.
 ...                                              
                                                  
l.633 \by узнать
                 как сайты оформлять
Your command was ignored.
Type  I <command> <return>  to replace it with another command,
or  <return>  to continue without it.


./РљСѓСЂСЃРѕРІР°СЏ_СЂР°Р±РѕС‚Р°_РџРµС…С‚РµСЂРµРІ_Р”РµРЅРёСЃ_v2.tex:633: LaTeX E
rror: Command \cyrk unavailable in encoding OT1.

See the LaTeX manual or LaTeX Companion for explanation.
Type  H <return>  for immediate help.
 ...                                              
                                                  
l.633 \by узнать к
                  ак сайты оформлять
Your command was ignored.
Type  I <command> <return>  to replace it with another command,
or  <return>  to continue without it.


./РљСѓСЂСЃРѕРІР°СЏ_СЂР°Р±РѕС‚Р°_РџРµС…С‚РµСЂРµРІ_Р”РµРЅРёСЃ_v2.tex:633: LaTeX E
rror: Command \cyra unavailable in encoding OT1.

See the LaTeX manual or LaTeX Companion for explanation.
Type  H <return>  for immediate help.
 ...                                              
                                                  
l.633 \by узнать ка
                   к сайты оформлять
Your command was ignored.
Type  I <command> <return>  to replace it with another command,
or  <return>  to continue without it.


./РљСѓСЂСЃРѕРІР°СЏ_СЂР°Р±РѕС‚Р°_РџРµС…С‚РµСЂРµРІ_Р”РµРЅРёСЃ_v2.tex:633: LaTeX E
rror: Command \cyrk unavailable in encoding OT1.

See the LaTeX manual or LaTeX Companion for explanation.
Type  H <return>  for immediate help.
 ...                                              
                                                  
l.633 \by узнать как
                     сайты оформлять
Your command was ignored.
Type  I <command> <return>  to replace it with another command,
or  <return>  to continue without it.


./РљСѓСЂСЃРѕРІР°СЏ_СЂР°Р±РѕС‚Р°_РџРµС…С‚РµСЂРµРІ_Р”РµРЅРёСЃ_v2.tex:633: LaTeX E
rror: Command \cyrs unavailable in encoding OT1.

See the LaTeX manual or LaTeX Companion for explanation.
Type  H <return>  for immediate help.
 ...                                              
                                                  
l.633 \by узнать как с
                      айты оформлять
Your command was ignored.
Type  I <command> <return>  to replace it with another command,
or  <return>  to continue without it.


./РљСѓСЂСЃРѕРІР°СЏ_СЂР°Р±РѕС‚Р°_РџРµС…С‚РµСЂРµРІ_Р”РµРЅРёСЃ_v2.tex:633: LaTeX E
rror: Command \cyra unavailable in encoding OT1.

See the LaTeX manual or LaTeX Companion for explanation.
Type  H <return>  for immediate help.
 ...                                              
                                                  
l.633 \by узнать как са
                       йты оформлять
Your command was ignored.
Type  I <command> <return>  to replace it with another command,
or  <return>  to continue without it.


./РљСѓСЂСЃРѕРІР°СЏ_СЂР°Р±РѕС‚Р°_РџРµС…С‚РµСЂРµРІ_Р”РµРЅРёСЃ_v2.tex:633: LaTeX E
rror: Command \cyrishrt unavailable in encoding OT1.

See the LaTeX manual or LaTeX Companion for explanation.
Type  H <return>  for immediate help.
 ...                                              
                                                  
l.633 \by узнать как сай
                        ты оформлять
Your command was ignored.
Type  I <command> <return>  to replace it with another command,
or  <return>  to continue without it.


./РљСѓСЂСЃРѕРІР°СЏ_СЂР°Р±РѕС‚Р°_РџРµС…С‚РµСЂРµРІ_Р”РµРЅРёСЃ_v2.tex:633: LaTeX E
rror: Command \cyrt unavailable in encoding OT1.

See the LaTeX manual or LaTeX Companion for explanation.
Type  H <return>  for immediate help.
 ...                                              
                                                  
l.633 \by узнать как сайт
                         ы оформлять
Your command was ignored.
Type  I <command> <return>  to replace it with another command,
or  <return>  to continue without it.


./РљСѓСЂСЃРѕРІР°СЏ_СЂР°Р±РѕС‚Р°_РџРµС…С‚РµСЂРµРІ_Р”РµРЅРёСЃ_v2.tex:633: LaTeX E
rror: Command \cyrery unavailable in encoding OT1.

See the LaTeX manual or LaTeX Companion for explanation.
Type  H <return>  for immediate help.
 ...                                              
                                                  
l.633 \by узнать как сайты
                           оформлять
Your command was ignored.
Type  I <command> <return>  to replace it with another command,
or  <return>  to continue without it.


./РљСѓСЂСЃРѕРІР°СЏ_СЂР°Р±РѕС‚Р°_РџРµС…С‚РµСЂРµРІ_Р”РµРЅРёСЃ_v2.tex:633: LaTeX E
rror: Command \cyro unavailable in encoding OT1.

See the LaTeX manual or LaTeX Companion for explanation.
Type  H <return>  for immediate help.
 ...                                              
                                                  
l.633 \by узнать как сайты о
                            формлять
Your command was ignored.
Type  I <command> <return>  to replace it with another command,
or  <return>  to continue without it.


./РљСѓСЂСЃРѕРІР°СЏ_СЂР°Р±РѕС‚Р°_РџРµС…С‚РµСЂРµРІ_Р”РµРЅРёСЃ_v2.tex:633: LaTeX E
rror: Command \cyrf unavailable in encoding OT1.

See the LaTeX manual or LaTeX Companion for explanation.
Type  H <return>  for immediate help.
 ...                                              
                                                  
l.633 \by узнать как сайты оф
                             ормлять
Your command was ignored.
Type  I <command> <return>  to replace it with another command,
or  <return>  to continue without it.


./РљСѓСЂСЃРѕРІР°СЏ_СЂР°Р±РѕС‚Р°_РџРµС…С‚РµСЂРµРІ_Р”РµРЅРёСЃ_v2.tex:633: LaTeX E
rror: Command \cyro unavailable in encoding OT1.

See the LaTeX manual or LaTeX Companion for explanation.
Type  H <return>  for immediate help.
 ...                                              
                                                  
l.633 \by узнать как сайты офо
                              рмлять
Your command was ignored.
Type  I <command> <return>  to replace it with another command,
or  <return>  to continue without it.


./РљСѓСЂСЃРѕРІР°СЏ_СЂР°Р±РѕС‚Р°_РџРµС…С‚РµСЂРµРІ_Р”РµРЅРёСЃ_v2.tex:633: LaTeX E
rror: Command \cyrr unavailable in encoding OT1.

See the LaTeX manual or LaTeX Companion for explanation.
Type  H <return>  for immediate help.
 ...                                              
                                                  
l.633 \by узнать как сайты офор
                               млять
Your command was ignored.
Type  I <command> <return>  to replace it with another command,
or  <return>  to continue without it.


./РљСѓСЂСЃРѕРІР°СЏ_СЂР°Р±РѕС‚Р°_РџРµС…С‚РµСЂРµРІ_Р”РµРЅРёСЃ_v2.tex:633: LaTeX E
rror: Command \cyrm unavailable in encoding OT1.

See the LaTeX manual or LaTeX Companion for explanation.
Type  H <return>  for immediate help.
 ...                                              
                                                  
l.633 \by узнать как сайты оформ
                                лять
Your command was ignored.
Type  I <command> <return>  to replace it with another command,
or  <return>  to continue without it.


./РљСѓСЂСЃРѕРІР°СЏ_СЂР°Р±РѕС‚Р°_РџРµС…С‚РµСЂРµРІ_Р”РµРЅРёСЃ_v2.tex:633: LaTeX E
rror: Command \cyrl unavailable in encoding OT1.

See the LaTeX manual or LaTeX Companion for explanation.
Type  H <return>  for immediate help.
 ...                                              
                                                  
l.633 \by узнать как сайты оформл
                                 ять
Your command was ignored.
Type  I <command> <return>  to replace it with another command,
or  <return>  to continue without it.


./РљСѓСЂСЃРѕРІР°СЏ_СЂР°Р±РѕС‚Р°_РџРµС…С‚РµСЂРµРІ_Р”РµРЅРёСЃ_v2.tex:633: LaTeX E
rror: Command \cyrya unavailable in encoding OT1.

See the LaTeX manual or LaTeX Companion for explanation.
Type  H <return>  for immediate help.
 ...                                              
                                                  
l.633 \by узнать как сайты оформля
                                  ть
Your command was ignored.
Type  I <command> <return>  to replace it with another command,
or  <return>  to continue without it.


./РљСѓСЂСЃРѕРІР°СЏ_СЂР°Р±РѕС‚Р°_РџРµС…С‚РµСЂРµРІ_Р”РµРЅРёСЃ_v2.tex:633: LaTeX E
rror: Command \cyrt unavailable in encoding OT1.

See the LaTeX manual or LaTeX Companion for explanation.
Type  H <return>  for immediate help.
 ...                                              
                                                  
l.633 \by узнать как сайты оформлят
                                   ь
Your command was ignored.
Type  I <command> <return>  to replace it with another command,
or  <return>  to continue without it.


./РљСѓСЂСЃРѕРІР°СЏ_СЂР°Р±РѕС‚Р°_РџРµС…С‚РµСЂРµРІ_Р”РµРЅРёСЃ_v2.tex:633: LaTeX E
rror: Command \cyrsftsn unavailable in encoding OT1.

See the LaTeX manual or LaTeX Companion for explanation.
Type  H <return>  for immediate help.
 ...                                              
                                                  
l.633 \by узнать как сайты оформлять
                                    
Your command was ignored.
Type  I <command> <return>  to replace it with another command,
or  <return>  to continue without it.


./РљСѓСЂСЃРѕРІР°СЏ_СЂР°Р±РѕС‚Р°_РџРµС…С‚РµСЂРµРІ_Р”РµРЅРёСЃ_v2.tex:639: LaTeX E
rror: Command \cyru unavailable in encoding OT1.

See the LaTeX manual or LaTeX Companion for explanation.
Type  H <return>  for immediate help.
 ...                                              
                                                  
l.639 \by у
           знать как сайты оформлять
Your command was ignored.
Type  I <command> <return>  to replace it with another command,
or  <return>  to continue without it.


./РљСѓСЂСЃРѕРІР°СЏ_СЂР°Р±РѕС‚Р°_РџРµС…С‚РµСЂРµРІ_Р”РµРЅРёСЃ_v2.tex:639: LaTeX E
rror: Command \cyrz unavailable in encoding OT1.

See the LaTeX manual or LaTeX Companion for explanation.
Type  H <return>  for immediate help.
 ...                                              
                                                  
l.639 \by уз
            нать как сайты оформлять
Your command was ignored.
Type  I <command> <return>  to replace it with another command,
or  <return>  to continue without it.


./РљСѓСЂСЃРѕРІР°СЏ_СЂР°Р±РѕС‚Р°_РџРµС…С‚РµСЂРµРІ_Р”РµРЅРёСЃ_v2.tex:639: LaTeX E
rror: Command \cyrn unavailable in encoding OT1.

See the LaTeX manual or LaTeX Companion for explanation.
Type  H <return>  for immediate help.
 ...                                              
                                                  
l.639 \by узн
             ать как сайты оформлять
Your command was ignored.
Type  I <command> <return>  to replace it with another command,
or  <return>  to continue without it.


./РљСѓСЂСЃРѕРІР°СЏ_СЂР°Р±РѕС‚Р°_РџРµС…С‚РµСЂРµРІ_Р”РµРЅРёСЃ_v2.tex:639: LaTeX E
rror: Command \cyra unavailable in encoding OT1.

See the LaTeX manual or LaTeX Companion for explanation.
Type  H <return>  for immediate help.
 ...                                              
                                                  
l.639 \by узна
              ть как сайты оформлять
Your command was ignored.
Type  I <command> <return>  to replace it with another command,
or  <return>  to continue without it.


./РљСѓСЂСЃРѕРІР°СЏ_СЂР°Р±РѕС‚Р°_РџРµС…С‚РµСЂРµРІ_Р”РµРЅРёСЃ_v2.tex:639: LaTeX E
rror: Command \cyrt unavailable in encoding OT1.

See the LaTeX manual or LaTeX Companion for explanation.
Type  H <return>  for immediate help.
 ...                                              
                                                  
l.639 \by узнат
               ь как сайты оформлять
Your command was ignored.
Type  I <command> <return>  to replace it with another command,
or  <return>  to continue without it.


./РљСѓСЂСЃРѕРІР°СЏ_СЂР°Р±РѕС‚Р°_РџРµС…С‚РµСЂРµРІ_Р”РµРЅРёСЃ_v2.tex:639: LaTeX E
rror: Command \cyrsftsn unavailable in encoding OT1.

See the LaTeX manual or LaTeX Companion for explanation.
Type  H <return>  for immediate help.
 ...                                              
                                                  
l.639 \by узнать
                 как сайты оформлять
Your command was ignored.
Type  I <command> <return>  to replace it with another command,
or  <return>  to continue without it.


./РљСѓСЂСЃРѕРІР°СЏ_СЂР°Р±РѕС‚Р°_РџРµС…С‚РµСЂРµРІ_Р”РµРЅРёСЃ_v2.tex:639: LaTeX E
rror: Command \cyrk unavailable in encoding OT1.

See the LaTeX manual or LaTeX Companion for explanation.
Type  H <return>  for immediate help.
 ...                                              
                                                  
l.639 \by узнать к
                  ак сайты оформлять
Your command was ignored.
Type  I <command> <return>  to replace it with another command,
or  <return>  to continue without it.


./РљСѓСЂСЃРѕРІР°СЏ_СЂР°Р±РѕС‚Р°_РџРµС…С‚РµСЂРµРІ_Р”РµРЅРёСЃ_v2.tex:639: LaTeX E
rror: Command \cyra unavailable in encoding OT1.

See the LaTeX manual or LaTeX Companion for explanation.
Type  H <return>  for immediate help.
 ...                                              
                                                  
l.639 \by узнать ка
                   к сайты оформлять
Your command was ignored.
Type  I <command> <return>  to replace it with another command,
or  <return>  to continue without it.


./РљСѓСЂСЃРѕРІР°СЏ_СЂР°Р±РѕС‚Р°_РџРµС…С‚РµСЂРµРІ_Р”РµРЅРёСЃ_v2.tex:639: LaTeX E
rror: Command \cyrk unavailable in encoding OT1.

See the LaTeX manual or LaTeX Companion for explanation.
Type  H <return>  for immediate help.
 ...                                              
                                                  
l.639 \by узнать как
                     сайты оформлять
Your command was ignored.
Type  I <command> <return>  to replace it with another command,
or  <return>  to continue without it.


./РљСѓСЂСЃРѕРІР°СЏ_СЂР°Р±РѕС‚Р°_РџРµС…С‚РµСЂРµРІ_Р”РµРЅРёСЃ_v2.tex:639: LaTeX E
rror: Command \cyrs unavailable in encoding OT1.

See the LaTeX manual or LaTeX Companion for explanation.
Type  H <return>  for immediate help.
 ...                                              
                                                  
l.639 \by узнать как с
                      айты оформлять
Your command was ignored.
Type  I <command> <return>  to replace it with another command,
or  <return>  to continue without it.


./РљСѓСЂСЃРѕРІР°СЏ_СЂР°Р±РѕС‚Р°_РџРµС…С‚РµСЂРµРІ_Р”РµРЅРёСЃ_v2.tex:639: LaTeX E
rror: Command \cyra unavailable in encoding OT1.

See the LaTeX manual or LaTeX Companion for explanation.
Type  H <return>  for immediate help.
 ...                                              
                                                  
l.639 \by узнать как са
                       йты оформлять
Your command was ignored.
Type  I <command> <return>  to replace it with another command,
or  <return>  to continue without it.


./РљСѓСЂСЃРѕРІР°СЏ_СЂР°Р±РѕС‚Р°_РџРµС…С‚РµСЂРµРІ_Р”РµРЅРёСЃ_v2.tex:639: LaTeX E
rror: Command \cyrishrt unavailable in encoding OT1.

See the LaTeX manual or LaTeX Companion for explanation.
Type  H <return>  for immediate help.
 ...                                              
                                                  
l.639 \by узнать как сай
                        ты оформлять
Your command was ignored.
Type  I <command> <return>  to replace it with another command,
or  <return>  to continue without it.


./РљСѓСЂСЃРѕРІР°СЏ_СЂР°Р±РѕС‚Р°_РџРµС…С‚РµСЂРµРІ_Р”РµРЅРёСЃ_v2.tex:639: LaTeX E
rror: Command \cyrt unavailable in encoding OT1.

See the LaTeX manual or LaTeX Companion for explanation.
Type  H <return>  for immediate help.
 ...                                              
                                                  
l.639 \by узнать как сайт
                         ы оформлять
Your command was ignored.
Type  I <command> <return>  to replace it with another command,
or  <return>  to continue without it.


./РљСѓСЂСЃРѕРІР°СЏ_СЂР°Р±РѕС‚Р°_РџРµС…С‚РµСЂРµРІ_Р”РµРЅРёСЃ_v2.tex:639: LaTeX E
rror: Command \cyrery unavailable in encoding OT1.

See the LaTeX manual or LaTeX Companion for explanation.
Type  H <return>  for immediate help.
 ...                                              
                                                  
l.639 \by узнать как сайты
                           оформлять
Your command was ignored.
Type  I <command> <return>  to replace it with another command,
or  <return>  to continue without it.


./РљСѓСЂСЃРѕРІР°СЏ_СЂР°Р±РѕС‚Р°_РџРµС…С‚РµСЂРµРІ_Р”РµРЅРёСЃ_v2.tex:639: LaTeX E
rror: Command \cyro unavailable in encoding OT1.

See the LaTeX manual or LaTeX Companion for explanation.
Type  H <return>  for immediate help.
 ...                                              
                                                  
l.639 \by узнать как сайты о
                            формлять
Your command was ignored.
Type  I <command> <return>  to replace it with another command,
or  <return>  to continue without it.


./РљСѓСЂСЃРѕРІР°СЏ_СЂР°Р±РѕС‚Р°_РџРµС…С‚РµСЂРµРІ_Р”РµРЅРёСЃ_v2.tex:639: LaTeX E
rror: Command \cyrf unavailable in encoding OT1.

See the LaTeX manual or LaTeX Companion for explanation.
Type  H <return>  for immediate help.
 ...                                              
                                                  
l.639 \by узнать как сайты оф
                             ормлять
Your command was ignored.
Type  I <command> <return>  to replace it with another command,
or  <return>  to continue without it.


./РљСѓСЂСЃРѕРІР°СЏ_СЂР°Р±РѕС‚Р°_РџРµС…С‚РµСЂРµРІ_Р”РµРЅРёСЃ_v2.tex:639: LaTeX E
rror: Command \cyro unavailable in encoding OT1.

See the LaTeX manual or LaTeX Companion for explanation.
Type  H <return>  for immediate help.
 ...                                              
                                                  
l.639 \by узнать как сайты офо
                              рмлять
Your command was ignored.
Type  I <command> <return>  to replace it with another command,
or  <return>  to continue without it.


./РљСѓСЂСЃРѕРІР°СЏ_СЂР°Р±РѕС‚Р°_РџРµС…С‚РµСЂРµРІ_Р”РµРЅРёСЃ_v2.tex:639: LaTeX E
rror: Command \cyrr unavailable in encoding OT1.

See the LaTeX manual or LaTeX Companion for explanation.
Type  H <return>  for immediate help.
 ...                                              
                                                  
l.639 \by узнать как сайты офор
                               млять
Your command was ignored.
Type  I <command> <return>  to replace it with another command,
or  <return>  to continue without it.


./РљСѓСЂСЃРѕРІР°СЏ_СЂР°Р±РѕС‚Р°_РџРµС…С‚РµСЂРµРІ_Р”РµРЅРёСЃ_v2.tex:639: LaTeX E
rror: Command \cyrm unavailable in encoding OT1.

See the LaTeX manual or LaTeX Companion for explanation.
Type  H <return>  for immediate help.
 ...                                              
                                                  
l.639 \by узнать как сайты оформ
                                лять
Your command was ignored.
Type  I <command> <return>  to replace it with another command,
or  <return>  to continue without it.


./РљСѓСЂСЃРѕРІР°СЏ_СЂР°Р±РѕС‚Р°_РџРµС…С‚РµСЂРµРІ_Р”РµРЅРёСЃ_v2.tex:639: LaTeX E
rror: Command \cyrl unavailable in encoding OT1.

See the LaTeX manual or LaTeX Companion for explanation.
Type  H <return>  for immediate help.
 ...                                              
                                                  
l.639 \by узнать как сайты оформл
                                 ять
Your command was ignored.
Type  I <command> <return>  to replace it with another command,
or  <return>  to continue without it.


./РљСѓСЂСЃРѕРІР°СЏ_СЂР°Р±РѕС‚Р°_РџРµС…С‚РµСЂРµРІ_Р”РµРЅРёСЃ_v2.tex:639: LaTeX E
rror: Command \cyrya unavailable in encoding OT1.

See the LaTeX manual or LaTeX Companion for explanation.
Type  H <return>  for immediate help.
 ...                                              
                                                  
l.639 \by узнать как сайты оформля
                                  ть
Your command was ignored.
Type  I <command> <return>  to replace it with another command,
or  <return>  to continue without it.


./РљСѓСЂСЃРѕРІР°СЏ_СЂР°Р±РѕС‚Р°_РџРµС…С‚РµСЂРµРІ_Р”РµРЅРёСЃ_v2.tex:639: LaTeX E
rror: Command \cyrt unavailable in encoding OT1.

See the LaTeX manual or LaTeX Companion for explanation.
Type  H <return>  for immediate help.
 ...                                              
                                                  
l.639 \by узнать как сайты оформлят
                                   ь
Your command was ignored.
Type  I <command> <return>  to replace it with another command,
or  <return>  to continue without it.


./РљСѓСЂСЃРѕРІР°СЏ_СЂР°Р±РѕС‚Р°_РџРµС…С‚РµСЂРµРІ_Р”РµРЅРёСЃ_v2.tex:639: LaTeX E
rror: Command \cyrsftsn unavailable in encoding OT1.

See the LaTeX manual or LaTeX Companion for explanation.
Type  H <return>  for immediate help.
 ...                                              
                                                  
l.639 \by узнать как сайты оформлять
                                    
Your command was ignored.
Type  I <command> <return>  to replace it with another command,
or  <return>  to continue without it.

[13]
Package atveryend Info: Empty hook `BeforeClearDocument' on input line 732.
Package atveryend Info: Empty hook `AfterLastShipout' on input line 732.
 (./РљСѓСЂСЃРѕРІР°СЏ_СЂР°Р±РѕС‚Р°_РџРµС…С‚РµСЂРµРІ_Р”РµРЅРёСЃ_v2.aux)
Package atveryend Info: Executing hook `AtVeryEndDocument' on input line 732.
Package atveryend Info: Executing hook `AtEndAfterFileList' on input line 732.
Package rerunfilecheck Info: File `РљСѓСЂСЃРѕРІР°СЏ_СЂР°Р±РѕС‚Р°_РџРµС…С‚РµСЂРµ
РІ_Р”РµРЅРёСЃ_v2.out' has not changed.
(rerunfilecheck)             Checksum: 6196D6333DE79A8DD50C499A3F094C5F;4619.


LaTeX Font Warning: Some font shapes were not available, defaults substituted.

Package atveryend Info: Empty hook `AtVeryVeryEnd' on input line 732.
 ) 
Here is how much of TeX's memory you used:
 12104 strings out of 492616
 164599 string characters out of 6128983
 255125 words of memory out of 5000000
 15767 multiletter control sequences out of 15000+600000
 29829 words of font info for 74 fonts, out of 8000000 for 9000
 1141 hyphenation exceptions out of 8191
 35i,12n,45p,1152b,782s stack positions out of 5000i,500n,10000p,200000b,80000s
{/usr/local/texlive/2018/texmf-dist/fonts/enc/dvips/cm-super/cm-super-t2a.enc
}</usr/local/texlive/2018/texmf-dist/fonts/type1/public/amsfonts/cm/cmbx10.pfb>
</usr/local/texlive/2018/texmf-dist/fonts/type1/public/amsfonts/cm/cmex10.pfb><
/usr/local/texlive/2018/texmf-dist/fonts/type1/public/amsfonts/cm/cmmi12.pfb></
usr/local/texlive/2018/texmf-dist/fonts/type1/public/amsfonts/cm/cmmi8.pfb></us
r/local/texlive/2018/texmf-dist/fonts/type1/public/amsfonts/cm/cmr10.pfb></usr/
local/texlive/2018/texmf-dist/fonts/type1/public/amsfonts/cm/cmr12.pfb></usr/lo
cal/texlive/2018/texmf-dist/fonts/type1/public/amsfonts/cm/cmr7.pfb></usr/local
/texlive/2018/texmf-dist/fonts/type1/public/amsfonts/cm/cmr8.pfb></usr/local/te
xlive/2018/texmf-dist/fonts/type1/public/amsfonts/cm/cmsy10.pfb></usr/local/tex
live/2018/texmf-dist/fonts/type1/public/amsfonts/cm/cmsy8.pfb></usr/local/texli
ve/2018/texmf-dist/fonts/type1/public/amsfonts/cm/cmti10.pfb></usr/local/texliv
e/2018/texmf-dist/fonts/type1/public/cm-super/sfbx0800.pfb></usr/local/texlive/
2018/texmf-dist/fonts/type1/public/cm-super/sfbx1000.pfb></usr/local/texlive/20
18/texmf-dist/fonts/type1/public/cm-super/sfbx1200.pfb></usr/local/texlive/2018
/texmf-dist/fonts/type1/public/cm-super/sfbx1440.pfb></usr/local/texlive/2018/t
exmf-dist/fonts/type1/public/cm-super/sfbx1728.pfb></usr/local/texlive/2018/tex
mf-dist/fonts/type1/public/cm-super/sfrb1200.pfb></usr/local/texlive/2018/texmf
-dist/fonts/type1/public/cm-super/sfrb2074.pfb></usr/local/texlive/2018/texmf-d
ist/fonts/type1/public/cm-super/sfrm0800.pfb></usr/local/texlive/2018/texmf-dis
t/fonts/type1/public/cm-super/sfrm1000.pfb></usr/local/texlive/2018/texmf-dist/
fonts/type1/public/cm-super/sfrm1095.pfb></usr/local/texlive/2018/texmf-dist/fo
nts/type1/public/cm-super/sfrm1200.pfb></usr/local/texlive/2018/texmf-dist/font
s/type1/public/cm-super/sfti0800.pfb></usr/local/texlive/2018/texmf-dist/fonts/
type1/public/cm-super/sfti1095.pfb>
Output written on РљСѓСЂСЃРѕРІР°СЏ_СЂР°Р±РѕС‚Р°_РџРµС…С‚РµСЂРµРІ_Р”РµРЅРёСЃ_v2.
pdf (13 pages, 474015 bytes).
PDF statistics:
 313 PDF objects out of 1000 (max. 8388607)
 269 compressed objects within 3 object streams
 66 named destinations out of 1000 (max. 500000)
 158 words of extra memory for PDF output out of 10000 (max. 10000000)

